{"D:\\Unal\\2023-1\\BootcampBackend\\Proyectos\\docentes-api-RF\\env.ts":{"path":"D:\\Unal\\2023-1\\BootcampBackend\\Proyectos\\docentes-api-RF\\env.ts","statementMap":{"0":{"start":{"line":2,"column":22},"end":{"line":4,"column":1}},"1":{"start":{"line":3,"column":4},"end":{"line":3,"column":62}},"2":{"start":{"line":5,"column":0},"end":{"line":5,"column":62}},"3":{"start":{"line":6,"column":14},"end":{"line":6,"column":79}},"4":{"start":{"line":7,"column":0},"end":{"line":14,"column":3}}},"fnMap":{"0":{"name":"(anonymous_0)","decl":{"start":{"line":2,"column":56},"end":{"line":2,"column":57}},"loc":{"start":{"line":2,"column":71},"end":{"line":4,"column":1}},"line":2}},"branchMap":{"0":{"loc":{"start":{"line":2,"column":22},"end":{"line":4,"column":1}},"type":"binary-expr","locations":[{"start":{"line":2,"column":23},"end":{"line":2,"column":27}},{"start":{"line":2,"column":31},"end":{"line":2,"column":51}},{"start":{"line":2,"column":56},"end":{"line":4,"column":1}}],"line":2},"1":{"loc":{"start":{"line":3,"column":11},"end":{"line":3,"column":61}},"type":"cond-expr","locations":[{"start":{"line":3,"column":37},"end":{"line":3,"column":40}},{"start":{"line":3,"column":43},"end":{"line":3,"column":61}}],"line":3},"2":{"loc":{"start":{"line":3,"column":12},"end":{"line":3,"column":33}},"type":"binary-expr","locations":[{"start":{"line":3,"column":12},"end":{"line":3,"column":15}},{"start":{"line":3,"column":19},"end":{"line":3,"column":33}}],"line":3}},"s":{"0":1,"1":1,"2":1,"3":1,"4":1},"f":{"0":1},"b":{"0":[1,1,1],"1":[0,1],"2":[1,1]},"inputSourceMap":{"version":3,"file":"env.js","sourceRoot":"","sources":["env.ts"],"names":[],"mappings":";;;;;AAcA,gFAAsC;AAEtC,kBAAe,aAAG,CAAC,KAAK,CAAC;IACxB,IAAI,EAAE,aAAG,CAAC,MAAM,CAAC,MAAM,CAAC,EAAE,MAAM,EAAE,MAAM,EAAE,CAAC;IAC3C,IAAI,EAAE,aAAG,CAAC,MAAM,CAAC,MAAM,EAAE;IACzB,OAAO,EAAE,aAAG,CAAC,MAAM,CAAC,MAAM,EAAE;IAC5B,QAAQ,EAAE,aAAG,CAAC,MAAM,CAAC,MAAM,EAAE;IAC3B,UAAU,EAAE,aAAG,CAAC,MAAM,CAAC,IAAI,CAAC,CAAC,OAAO,CAAU,CAAC;IACjD,QAAQ,EAAE,aAAG,CAAC,MAAM,CAAC,IAAI,CAAC,CAAC,aAAa,EAAE,YAAY,EAAE,MAAM,CAAU,CAAC;CACzE,CAAC,CAAA","sourcesContent":["/*\n|--------------------------------------------------------------------------\n| Validating Environment Variables\n|--------------------------------------------------------------------------\n|\n| In this file we define the rules for validating environment variables.\n| By performing validation we ensure that your application is running in\n| a stable environment with correct configuration values.\n|\n| This file is read automatically by the framework during the boot lifecycle\n| and hence do not rename or move this file to a different location.\n|\n*/\n\nimport Env from '@ioc:Adonis/Core/Env'\n\nexport default Env.rules({\n\tHOST: Env.schema.string({ format: 'host' }),\n\tPORT: Env.schema.number(),\n\tAPP_KEY: Env.schema.string(),\n\tAPP_NAME: Env.schema.string(),\n  \tDRIVE_DISK: Env.schema.enum(['local'] as const),\n\tNODE_ENV: Env.schema.enum(['development', 'production', 'test'] as const),\n})\n"]},"_coverageSchema":"1a1c01bbd47fc00a2c39e90264f33305004495a9","hash":"aba23be384ebd3559a6cac51ff03d2c7b1f9692f","contentHash":"9597c2ce725ff105019c47399281c69153610abf0a6d1d85bb17d7aae6a4a630"},"D:\\Unal\\2023-1\\BootcampBackend\\Proyectos\\docentes-api-RF\\config\\app.ts":{"path":"D:\\Unal\\2023-1\\BootcampBackend\\Proyectos\\docentes-api-RF\\config\\app.ts","statementMap":{"0":{"start":{"line":2,"column":22},"end":{"line":4,"column":1}},"1":{"start":{"line":3,"column":4},"end":{"line":3,"column":62}},"2":{"start":{"line":5,"column":0},"end":{"line":5,"column":62}},"3":{"start":{"line":6,"column":0},"end":{"line":6,"column":95}},"4":{"start":{"line":7,"column":21},"end":{"line":7,"column":59}},"5":{"start":{"line":8,"column":14},"end":{"line":8,"column":79}},"6":{"start":{"line":9,"column":0},"end":{"line":9,"column":46}},"7":{"start":{"line":10,"column":0},"end":{"line":26,"column":2}},"8":{"start":{"line":27,"column":0},"end":{"line":32,"column":2}},"9":{"start":{"line":33,"column":0},"end":{"line":37,"column":2}},"10":{"start":{"line":38,"column":0},"end":{"line":38,"column":23}}},"fnMap":{"0":{"name":"(anonymous_0)","decl":{"start":{"line":2,"column":56},"end":{"line":2,"column":57}},"loc":{"start":{"line":2,"column":71},"end":{"line":4,"column":1}},"line":2}},"branchMap":{"0":{"loc":{"start":{"line":2,"column":22},"end":{"line":4,"column":1}},"type":"binary-expr","locations":[{"start":{"line":2,"column":23},"end":{"line":2,"column":27}},{"start":{"line":2,"column":31},"end":{"line":2,"column":51}},{"start":{"line":2,"column":56},"end":{"line":4,"column":1}}],"line":2},"1":{"loc":{"start":{"line":3,"column":11},"end":{"line":3,"column":61}},"type":"cond-expr","locations":[{"start":{"line":3,"column":37},"end":{"line":3,"column":40}},{"start":{"line":3,"column":43},"end":{"line":3,"column":61}}],"line":3},"2":{"loc":{"start":{"line":3,"column":12},"end":{"line":3,"column":33}},"type":"binary-expr","locations":[{"start":{"line":3,"column":12},"end":{"line":3,"column":15}},{"start":{"line":3,"column":19},"end":{"line":3,"column":33}}],"line":3}},"s":{"0":1,"1":2,"2":1,"3":1,"4":1,"5":1,"6":1,"7":1,"8":1,"9":1,"10":1},"f":{"0":2},"b":{"0":[1,1,1],"1":[0,2],"2":[2,2]},"inputSourceMap":{"version":3,"file":"app.js","sourceRoot":"","sources":["app.ts"],"names":[],"mappings":";;;;;;AAOA,4DAAkC;AAClC,gFAAsC;AAmBzB,QAAA,MAAM,GAAW,aAAG,CAAC,GAAG,CAAC,SAAS,CAAC,CAAA;AAWnC,QAAA,IAAI,GAAiB;IAYhC,mBAAmB,EAAE,KAAK;IAO1B,eAAe,EAAE,CAAC;IAWlB,iBAAiB,EAAE,KAAK;IAWxB,UAAU,EAAE,oBAAS,CAAC,OAAO,CAAC,UAAU,CAAC;IAUzC,IAAI,EAAE,KAAK;IAOX,iBAAiB,EAAE,UAAU;IAO7B,MAAM,EAAE;QACN,MAAM,EAAE,EAAE;QACV,IAAI,EAAE,GAAG;QACT,MAAM,EAAE,IAAI;QACZ,QAAQ,EAAE,IAAI;QACd,MAAM,EAAE,KAAK;QACb,QAAQ,EAAE,KAAK;KAChB;IAkBD,yBAAyB,EAAE,kBAAkB;CAC9C,CAAA;AAOY,QAAA,MAAM,GAAiB;IAalC,IAAI,EAAE,aAAG,CAAC,GAAG,CAAC,UAAU,CAAC;IAUzB,OAAO,EAAE,IAAI;IAYb,KAAK,EAAE,aAAG,CAAC,GAAG,CAAC,WAAW,EAAE,MAAM,CAAC;IAWnC,WAAW,EAAE,aAAG,CAAC,GAAG,CAAC,UAAU,CAAC,KAAK,aAAa;CACnD,CAAA;AAOY,QAAA,QAAQ,GAAmB;IAStC,OAAO,EAAE,IAAI;IAWb,SAAS,EAAE,EAAE;IAWb,SAAS,EAAE,EAAE;CACd,CAAA;AAWY,QAAA,SAAS,GAAoB,EACzC,CAAA","sourcesContent":["/**\n * Config source: https://git.io/JfefZ\n *\n * Feel free to let us know via PR, if you find something broken in this config\n * file.\n */\n\nimport proxyAddr from 'proxy-addr'\nimport Env from '@ioc:Adonis/Core/Env'\nimport type { ServerConfig } from '@ioc:Adonis/Core/Server'\nimport type { LoggerConfig } from '@ioc:Adonis/Core/Logger'\nimport type { ProfilerConfig } from '@ioc:Adonis/Core/Profiler'\nimport type { ValidatorConfig } from '@ioc:Adonis/Core/Validator'\n\n/*\n|--------------------------------------------------------------------------\n| Application secret key\n|--------------------------------------------------------------------------\n|\n| The secret to encrypt and sign different values in your application.\n| Make sure to keep the `APP_KEY` as an environment variable and secure.\n|\n| Note: Changing the application key for an existing app will make all\n| the cookies invalid and also the existing encrypted data will not\n| be decrypted.\n|\n*/\nexport const appKey: string = Env.get('APP_KEY')\n\n/*\n|--------------------------------------------------------------------------\n| Http server configuration\n|--------------------------------------------------------------------------\n|\n| The configuration for the HTTP(s) server. Make sure to go through all\n| the config properties to make keep server secure.\n|\n*/\nexport const http: ServerConfig = {\n  /*\n  |--------------------------------------------------------------------------\n  | Allow method spoofing\n  |--------------------------------------------------------------------------\n  |\n  | Method spoofing enables defining custom HTTP methods using a query string\n  | `_method`. This is usually required when you are making traditional\n  | form requests and wants to use HTTP verbs like `PUT`, `DELETE` and\n  | so on.\n  |\n  */\n  allowMethodSpoofing: false,\n\n  /*\n  |--------------------------------------------------------------------------\n  | Subdomain offset\n  |--------------------------------------------------------------------------\n  */\n  subdomainOffset: 2,\n\n  /*\n  |--------------------------------------------------------------------------\n  | Request Ids\n  |--------------------------------------------------------------------------\n  |\n  | Setting this value to `true` will generate a unique request id for each\n  | HTTP request and set it as `x-request-id` header.\n  |\n  */\n  generateRequestId: false,\n\n  /*\n  |--------------------------------------------------------------------------\n  | Trusting proxy servers\n  |--------------------------------------------------------------------------\n  |\n  | Define the proxy servers that AdonisJs must trust for reading `X-Forwarded`\n  | headers.\n  |\n  */\n  trustProxy: proxyAddr.compile('loopback'),\n\n  /*\n  |--------------------------------------------------------------------------\n  | Generating Etag\n  |--------------------------------------------------------------------------\n  |\n  | Whether or not to generate an etag for every response.\n  |\n  */\n  etag: false,\n\n  /*\n  |--------------------------------------------------------------------------\n  | JSONP Callback\n  |--------------------------------------------------------------------------\n  */\n  jsonpCallbackName: 'callback',\n\n  /*\n  |--------------------------------------------------------------------------\n  | Cookie settings\n  |--------------------------------------------------------------------------\n  */\n  cookie: {\n    domain: '',\n    path: '/',\n    maxAge: '2h',\n    httpOnly: true,\n    secure: false,\n    sameSite: false,\n  },\n\n  /*\n  |--------------------------------------------------------------------------\n  | Force Content Negotiation\n  |--------------------------------------------------------------------------\n  |\n  | The internals of the framework relies on the content negotiation to\n  | detect the best possible response type for a given HTTP request.\n  |\n  | However, it is a very common these days that API servers always wants to\n  | make response in JSON regardless of the existence of the `Accept` header.\n  |\n  | By setting `forceContentNegotiationTo = 'application/json'`, you negotiate\n  | with the server in advance to always return JSON without relying on the\n  | client to set the header explicitly.\n  |\n  */\n  forceContentNegotiationTo: 'application/json',\n}\n\n/*\n|--------------------------------------------------------------------------\n| Logger\n|--------------------------------------------------------------------------\n*/\nexport const logger: LoggerConfig = {\n  /*\n  |--------------------------------------------------------------------------\n  | Application name\n  |--------------------------------------------------------------------------\n  |\n  | The name of the application you want to add to the log. It is recommended\n  | to always have app name in every log line.\n  |\n  | The `APP_NAME` environment variable is automatically set by AdonisJS by\n  | reading the `name` property from the `package.json` file.\n  |\n  */\n  name: Env.get('APP_NAME'),\n\n  /*\n  |--------------------------------------------------------------------------\n  | Toggle logger\n  |--------------------------------------------------------------------------\n  |\n  | Enable or disable logger application wide\n  |\n  */\n  enabled: true,\n\n  /*\n  |--------------------------------------------------------------------------\n  | Logging level\n  |--------------------------------------------------------------------------\n  |\n  | The level from which you want the logger to flush logs. It is recommended\n  | to make use of the environment variable, so that you can define log levels\n  | at deployment level and not code level.\n  |\n  */\n  level: Env.get('LOG_LEVEL', 'info'),\n\n  /*\n  |--------------------------------------------------------------------------\n  | Pretty print\n  |--------------------------------------------------------------------------\n  |\n  | It is highly advised NOT to use `prettyPrint` in production, since it\n  | can have huge impact on performance.\n  |\n  */\n  prettyPrint: Env.get('NODE_ENV') === 'development',\n}\n\n/*\n|--------------------------------------------------------------------------\n| Profiler\n|--------------------------------------------------------------------------\n*/\nexport const profiler: ProfilerConfig = {\n  /*\n  |--------------------------------------------------------------------------\n  | Toggle profiler\n  |--------------------------------------------------------------------------\n  |\n  | Enable or disable profiler\n  |\n  */\n  enabled: true,\n\n  /*\n  |--------------------------------------------------------------------------\n  | Blacklist actions/row labels\n  |--------------------------------------------------------------------------\n  |\n  | Define an array of actions or row labels that you want to disable from\n  | getting profiled.\n  |\n  */\n  blacklist: [],\n\n  /*\n  |--------------------------------------------------------------------------\n  | Whitelist actions/row labels\n  |--------------------------------------------------------------------------\n  |\n  | Define an array of actions or row labels that you want to whitelist for\n  | the profiler. When whitelist is defined, then `blacklist` is ignored.\n  |\n  */\n  whitelist: [],\n}\n\n/*\n|--------------------------------------------------------------------------\n| Validator\n|--------------------------------------------------------------------------\n|\n| Configure the global configuration for the validator. Here's the reference\n| to the default config https://git.io/JT0WE\n|\n*/\nexport const validator: ValidatorConfig = {\n}\n"]},"_coverageSchema":"1a1c01bbd47fc00a2c39e90264f33305004495a9","hash":"3342cdb8f0792e981f4784fd5f793a34317654bd","contentHash":"cefa4e368d6c05634840fc935e75b27ee299b50dcd89d9d9df28f375c765e7b5"},"D:\\Unal\\2023-1\\BootcampBackend\\Proyectos\\docentes-api-RF\\config\\bodyparser.ts":{"path":"D:\\Unal\\2023-1\\BootcampBackend\\Proyectos\\docentes-api-RF\\config\\bodyparser.ts","statementMap":{"0":{"start":{"line":2,"column":0},"end":{"line":2,"column":62}},"1":{"start":{"line":3,"column":25},"end":{"line":44,"column":1}},"2":{"start":{"line":45,"column":0},"end":{"line":45,"column":35}}},"fnMap":{},"branchMap":{},"s":{"0":1,"1":1,"2":1},"f":{},"b":{},"inputSourceMap":{"version":3,"file":"bodyparser.js","sourceRoot":"","sources":["bodyparser.ts"],"names":[],"mappings":";;AASA,MAAM,gBAAgB,GAAqB;IAUzC,kBAAkB,EAAE,CAAC,MAAM,EAAE,KAAK,EAAE,OAAO,EAAE,QAAQ,CAAC;IAWtD,IAAI,EAAE;QACJ,QAAQ,EAAE,OAAO;QACjB,KAAK,EAAE,KAAK;QACZ,MAAM,EAAE,IAAI;QACZ,KAAK,EAAE;YACL,kBAAkB;YAClB,6BAA6B;YAC7B,0BAA0B;YAC1B,wBAAwB;SACzB;KACF;IAWD,IAAI,EAAE;QACJ,QAAQ,EAAE,OAAO;QACjB,KAAK,EAAE,KAAK;QACZ,WAAW,EAAE,EAAE;QAYf,yBAAyB,EAAE,IAAI;QAE/B,KAAK,EAAE;YACL,mCAAmC;SACpC;KACF;IAYD,GAAG,EAAE;QACH,QAAQ,EAAE,OAAO;QACjB,KAAK,EAAE,KAAK;QACZ,WAAW,EAAE,EAAE;QACf,KAAK,EAAE;YACL,QAAQ;SACT;KACF;IAWD,SAAS,EAAE;QAcT,WAAW,EAAE,IAAI;QAsBjB,eAAe,EAAE,EAAE;QAuBnB,QAAQ,EAAE,OAAO;QAYjB,yBAAyB,EAAE,IAAI;QAW/B,SAAS,EAAE,IAAI;QAWf,KAAK,EAAE,MAAM;QAUb,KAAK,EAAE;YACL,qBAAqB;SACtB;KACF;CACF,CAAA;AAED,kBAAe,gBAAgB,CAAA","sourcesContent":["/**\n * Config source: https://git.io/Jfefn\n *\n * Feel free to let us know via PR, if you find something broken in this config\n * file.\n */\n\nimport type { BodyParserConfig } from '@ioc:Adonis/Core/BodyParser'\n\nconst bodyParserConfig: BodyParserConfig = {\n  /*\n  |--------------------------------------------------------------------------\n  | White listed methods\n  |--------------------------------------------------------------------------\n  |\n  | HTTP methods for which body parsing must be performed. It is a good practice\n  | to avoid body parsing for `GET` requests.\n  |\n  */\n  whitelistedMethods: ['POST', 'PUT', 'PATCH', 'DELETE'],\n\n  /*\n  |--------------------------------------------------------------------------\n  | JSON parser settings\n  |--------------------------------------------------------------------------\n  |\n  | The settings for the JSON parser. The types defines the request content\n  | types which gets processed by the JSON parser.\n  |\n  */\n  json: {\n    encoding: 'utf-8',\n    limit: '1mb',\n    strict: true,\n    types: [\n      'application/json',\n      'application/json-patch+json',\n      'application/vnd.api+json',\n      'application/csp-report',\n    ],\n  },\n\n  /*\n  |--------------------------------------------------------------------------\n  | Form parser settings\n  |--------------------------------------------------------------------------\n  |\n  | The settings for the `application/x-www-form-urlencoded` parser. The types\n  | defines the request content types which gets processed by the form parser.\n  |\n  */\n  form: {\n    encoding: 'utf-8',\n    limit: '1mb',\n    queryString: {},\n\n    /*\n    |--------------------------------------------------------------------------\n    | Convert empty strings to null\n    |--------------------------------------------------------------------------\n    |\n    | Convert empty form fields to null. HTML forms results in field string\n    | value when the field is left blank. This option normalizes all the blank\n    | field values to \"null\"\n    |\n    */\n    convertEmptyStringsToNull: true,\n\n    types: [\n      'application/x-www-form-urlencoded',\n    ],\n  },\n\n  /*\n  |--------------------------------------------------------------------------\n  | Raw body parser settings\n  |--------------------------------------------------------------------------\n  |\n  | Raw body just reads the request body stream as a plain text, which you\n  | can process by hand. This must be used when request body type is not\n  | supported by the body parser.\n  |\n  */\n  raw: {\n    encoding: 'utf-8',\n    limit: '1mb',\n    queryString: {},\n    types: [\n      'text/*',\n    ],\n  },\n\n  /*\n  |--------------------------------------------------------------------------\n  | Multipart parser settings\n  |--------------------------------------------------------------------------\n  |\n  | The settings for the `multipart/form-data` parser. The types defines the\n  | request content types which gets processed by the form parser.\n  |\n  */\n  multipart: {\n    /*\n    |--------------------------------------------------------------------------\n    | Auto process\n    |--------------------------------------------------------------------------\n    |\n    | The auto process option will process uploaded files and writes them to\n    | the `tmp` folder. You can turn it off and then manually use the stream\n    | to pipe stream to a different destination.\n    |\n    | It is recommended to keep `autoProcess=true`. Unless you are processing bigger\n    | file sizes.\n    |\n    */\n    autoProcess: true,\n\n    /*\n    |--------------------------------------------------------------------------\n    | Files to be processed manually\n    |--------------------------------------------------------------------------\n    |\n    | You can turn off `autoProcess` for certain routes by defining\n    | routes inside the following array.\n    |\n    | NOTE: Make sure the route pattern starts with a leading slash.\n    |\n    | Correct\n    | ```js\n    | /projects/:id/file\n    | ```\n    |\n    | Incorrect\n    | ```js\n    | projects/:id/file\n    | ```\n    */\n    processManually: [],\n\n    /*\n    |--------------------------------------------------------------------------\n    | Temporary file name\n    |--------------------------------------------------------------------------\n    |\n    | When auto processing is on. We will use this method to compute the temporary\n    | file name. AdonisJs will compute a unique `tmpPath` for you automatically,\n    | However, you can also define your own custom method.\n    |\n    */\n    // tmpFileName () {\n    // },\n\n    /*\n    |--------------------------------------------------------------------------\n    | Encoding\n    |--------------------------------------------------------------------------\n    |\n    | Request body encoding\n    |\n    */\n    encoding: 'utf-8',\n\n    /*\n    |--------------------------------------------------------------------------\n    | Convert empty strings to null\n    |--------------------------------------------------------------------------\n    |\n    | Convert empty form fields to null. HTML forms results in field string\n    | value when the field is left blank. This option normalizes all the blank\n    | field values to \"null\"\n    |\n    */\n    convertEmptyStringsToNull: true,\n\n    /*\n    |--------------------------------------------------------------------------\n    | Max Fields\n    |--------------------------------------------------------------------------\n    |\n    | The maximum number of fields allowed in the request body. The field includes\n    | text inputs and files both.\n    |\n    */\n    maxFields: 1000,\n\n    /*\n    |--------------------------------------------------------------------------\n    | Request body limit\n    |--------------------------------------------------------------------------\n    |\n    | The total limit to the multipart body. This includes all request files\n    | and fields data.\n    |\n    */\n    limit: '20mb',\n\n    /*\n    |--------------------------------------------------------------------------\n    | Types\n    |--------------------------------------------------------------------------\n    |\n    | The types that will be considered and parsed as multipart body.\n    |\n    */\n    types: [\n      'multipart/form-data',\n    ],\n  },\n}\n\nexport default bodyParserConfig\n"]},"_coverageSchema":"1a1c01bbd47fc00a2c39e90264f33305004495a9","hash":"53023ad1cf919c1bb6e234afb2a3802dbcebe878","contentHash":"d43ceaec6d829e6e3ea1ecff5d1812ca88754dc2dcd3cef3225ecdc3580c071c"},"D:\\Unal\\2023-1\\BootcampBackend\\Proyectos\\docentes-api-RF\\config\\cors.ts":{"path":"D:\\Unal\\2023-1\\BootcampBackend\\Proyectos\\docentes-api-RF\\config\\cors.ts","statementMap":{"0":{"start":{"line":2,"column":0},"end":{"line":2,"column":62}},"1":{"start":{"line":3,"column":19},"end":{"line":18,"column":1}},"2":{"start":{"line":19,"column":0},"end":{"line":19,"column":29}}},"fnMap":{},"branchMap":{},"s":{"0":1,"1":1,"2":1},"f":{},"b":{},"inputSourceMap":{"version":3,"file":"cors.js","sourceRoot":"","sources":["cors.ts"],"names":[],"mappings":";;AASA,MAAM,UAAU,GAAe;IAa7B,OAAO,EAAE,KAAK;IAwBd,MAAM,EAAE,IAAI;IAYZ,OAAO,EAAE,CAAC,KAAK,EAAE,MAAM,EAAE,MAAM,EAAE,KAAK,EAAE,QAAQ,CAAC;IAmBjD,OAAO,EAAE,IAAI;IAsBb,aAAa,EAAE;QACb,eAAe;QACf,kBAAkB;QAClB,cAAc;QACd,SAAS;QACT,eAAe;QACf,QAAQ;KACT;IAaD,WAAW,EAAE,IAAI;IAWjB,MAAM,EAAE,EAAE;CACX,CAAA;AAED,kBAAe,UAAU,CAAA","sourcesContent":["/**\n * Config source: https://git.io/JfefC\n *\n * Feel free to let us know via PR, if you find something broken in this config\n * file.\n */\n\nimport type { CorsConfig } from '@ioc:Adonis/Core/Cors'\n\nconst corsConfig: CorsConfig = {\n  /*\n  |--------------------------------------------------------------------------\n  | Enabled\n  |--------------------------------------------------------------------------\n  |\n  | A boolean to enable or disable CORS integration from your AdonisJs\n  | application.\n  |\n  | Setting the value to `true` will enable the CORS for all HTTP request. However,\n  | you can define a function to enable/disable it on per request basis as well.\n  |\n  */\n  enabled: false,\n\n  // You can also use a function that return true or false.\n  // enabled: (request) => request.url().startsWith('/api')\n\n  /*\n  |--------------------------------------------------------------------------\n  | Origin\n  |--------------------------------------------------------------------------\n  |\n  | Set a list of origins to be allowed for `Access-Control-Allow-Origin`.\n  | The value can be one of the following:\n  |\n  | https://developer.mozilla.org/en-US/docs/Web/HTTP/Headers/Access-Control-Allow-Origin\n  |\n  | Boolean (true)    - Allow current request origin.\n  | Boolean (false)   - Disallow all.\n  | String            - Comma separated list of allowed origins.\n  | Array             - An array of allowed origins.\n  | String (*)        - A wildcard (*) to allow all request origins.\n  | Function          - Receives the current origin string and should return\n  |                     one of the above values.\n  |\n  */\n  origin: true,\n\n  /*\n  |--------------------------------------------------------------------------\n  | Methods\n  |--------------------------------------------------------------------------\n  |\n  | An array of allowed HTTP methods for CORS. The `Access-Control-Request-Method`\n  | is checked against the following list.\n  |\n  | Following is the list of default methods. Feel free to add more.\n  */\n  methods: ['GET', 'HEAD', 'POST', 'PUT', 'DELETE'],\n\n  /*\n  |--------------------------------------------------------------------------\n  | Headers\n  |--------------------------------------------------------------------------\n  |\n  | List of headers to be allowed for `Access-Control-Allow-Headers` header.\n  | The value can be one of the following:\n  |\n  | https://developer.mozilla.org/en-US/docs/Web/HTTP/Headers/Access-Control-Request-Headers\n  |\n  | Boolean(true)     - Allow all headers mentioned in `Access-Control-Request-Headers`.\n  | Boolean(false)    - Disallow all headers.\n  | String            - Comma separated list of allowed headers.\n  | Array             - An array of allowed headers.\n  | Function          - Receives the current header and should return one of the above values.\n  |\n  */\n  headers: true,\n\n  /*\n  |--------------------------------------------------------------------------\n  | Expose Headers\n  |--------------------------------------------------------------------------\n  |\n  | A list of headers to be exposed by setting `Access-Control-Expose-Headers`.\n  | header. By default following 6 simple response headers are exposed.\n  |\n  | Cache-Control\n  | Content-Language\n  | Content-Type\n  | Expires\n  | Last-Modified\n  | Pragma\n  |\n  | In order to add more headers, simply define them inside the following array.\n  |\n  | https://developer.mozilla.org/en-US/docs/Web/HTTP/Headers/Access-Control-Expose-Headers\n  |\n  */\n  exposeHeaders: [\n    'cache-control',\n    'content-language',\n    'content-type',\n    'expires',\n    'last-modified',\n    'pragma',\n  ],\n\n  /*\n  |--------------------------------------------------------------------------\n  | Credentials\n  |--------------------------------------------------------------------------\n  |\n  | Toggle `Access-Control-Allow-Credentials` header. If value is set to `true`,\n  | then header will be set, otherwise not.\n  |\n  | https://developer.mozilla.org/en-US/docs/Web/HTTP/Headers/Access-Control-Allow-Credentials\n  |\n  */\n  credentials: true,\n\n  /*\n  |--------------------------------------------------------------------------\n  | MaxAge\n  |--------------------------------------------------------------------------\n  |\n  | Define `Access-Control-Max-Age` header in seconds.\n  | https://developer.mozilla.org/en-US/docs/Web/HTTP/Headers/Access-Control-Max-Age\n  |\n  */\n  maxAge: 90,\n}\n\nexport default corsConfig\n"]},"_coverageSchema":"1a1c01bbd47fc00a2c39e90264f33305004495a9","hash":"d2595699965fc04d6aed315fed4437f3ad48f355","contentHash":"937520db51ebf084c457cfe5dc456cf90032ad32090e8a56965a49a8e2079176"},"D:\\Unal\\2023-1\\BootcampBackend\\Proyectos\\docentes-api-RF\\config\\database.ts":{"path":"D:\\Unal\\2023-1\\BootcampBackend\\Proyectos\\docentes-api-RF\\config\\database.ts","statementMap":{"0":{"start":{"line":2,"column":22},"end":{"line":4,"column":1}},"1":{"start":{"line":3,"column":4},"end":{"line":3,"column":62}},"2":{"start":{"line":5,"column":0},"end":{"line":5,"column":62}},"3":{"start":{"line":6,"column":14},"end":{"line":6,"column":79}},"4":{"start":{"line":7,"column":23},"end":{"line":24,"column":1}},"5":{"start":{"line":25,"column":0},"end":{"line":25,"column":33}}},"fnMap":{"0":{"name":"(anonymous_0)","decl":{"start":{"line":2,"column":56},"end":{"line":2,"column":57}},"loc":{"start":{"line":2,"column":71},"end":{"line":4,"column":1}},"line":2}},"branchMap":{"0":{"loc":{"start":{"line":2,"column":22},"end":{"line":4,"column":1}},"type":"binary-expr","locations":[{"start":{"line":2,"column":23},"end":{"line":2,"column":27}},{"start":{"line":2,"column":31},"end":{"line":2,"column":51}},{"start":{"line":2,"column":56},"end":{"line":4,"column":1}}],"line":2},"1":{"loc":{"start":{"line":3,"column":11},"end":{"line":3,"column":61}},"type":"cond-expr","locations":[{"start":{"line":3,"column":37},"end":{"line":3,"column":40}},{"start":{"line":3,"column":43},"end":{"line":3,"column":61}}],"line":3},"2":{"loc":{"start":{"line":3,"column":12},"end":{"line":3,"column":33}},"type":"binary-expr","locations":[{"start":{"line":3,"column":12},"end":{"line":3,"column":15}},{"start":{"line":3,"column":19},"end":{"line":3,"column":33}}],"line":3}},"s":{"0":1,"1":1,"2":1,"3":1,"4":1,"5":1},"f":{"0":1},"b":{"0":[1,1,1],"1":[0,1],"2":[1,1]},"inputSourceMap":{"version":3,"file":"database.js","sourceRoot":"","sources":["database.ts"],"names":[],"mappings":";;;;;AAOA,gFAAsC;AAItC,MAAM,cAAc,GAAiD;IAWnE,UAAU,EAAE,aAAG,CAAC,GAAG,CAAC,eAAe,CAAC;IAEpC,WAAW,EAAE;QAYX,EAAE,EAAE;YACF,MAAM,EAAE,IAAI;YACZ,UAAU,EAAE;gBACV,IAAI,EAAE,aAAG,CAAC,GAAG,CAAC,SAAS,CAAC;gBACxB,IAAI,EAAE,aAAG,CAAC,GAAG,CAAC,SAAS,CAAC;gBACxB,IAAI,EAAE,aAAG,CAAC,GAAG,CAAC,SAAS,CAAC;gBACxB,QAAQ,EAAE,aAAG,CAAC,GAAG,CAAC,aAAa,EAAE,EAAE,CAAC;gBACpC,QAAQ,EAAE,aAAG,CAAC,GAAG,CAAC,YAAY,CAAC;aAChC;YACD,WAAW,EAAE,KAAK;YACrB,KAAK,EAAE,KAAK;SACV;KAEF;IAcD,GAAG,EAAE,EACJ;CACF,CAAA;AAED,kBAAe,cAAc,CAAA","sourcesContent":["/**\n * Config source: https://git.io/JesV9\n *\n * Feel free to let us know via PR, if you find something broken in this config\n * file.\n */\n\nimport Env from '@ioc:Adonis/Core/Env'\nimport { OrmConfig } from '@ioc:Adonis/Lucid/Orm'\nimport { DatabaseConfig } from '@ioc:Adonis/Lucid/Database'\n\nconst databaseConfig: DatabaseConfig & { orm: Partial<OrmConfig> } = {\n  /*\n  |--------------------------------------------------------------------------\n  | Connection\n  |--------------------------------------------------------------------------\n  |\n  | The primary connection for making database queries across the application\n  | You can use any key from the `connections` object defined in this same\n  | file.\n  |\n  */\n  connection: Env.get('DB_CONNECTION'),\n\n  connections: {\n    /*\n    |--------------------------------------------------------------------------\n    | PostgreSQL config\n    |--------------------------------------------------------------------------\n    |\n    | Configuration for PostgreSQL database. Make sure to install the driver\n    | from npm when using this connection\n    |\n    | npm i pg\n    |\n    */\n    pg: {\n      client: 'pg',\n      connection: {\n        host: Env.get('PG_HOST'),\n        port: Env.get('PG_PORT'),\n        user: Env.get('PG_USER'),\n        password: Env.get('PG_PASSWORD', ''),\n        database: Env.get('PG_DB_NAME'),\n      },\n      healthCheck: false,\n\t\t\tdebug: false,\n    },\n\n  },\n\n  /*\n  |--------------------------------------------------------------------------\n  | ORM Configuration\n  |--------------------------------------------------------------------------\n  |\n  | Following are some of the configuration options to tweak the conventional\n  | settings of the ORM. For example:\n  |\n  | - Define a custom function to compute the default table name for a given model.\n  | - Or define a custom function to compute the primary key for a given model.\n  |\n  */\n  orm: {\n  },\n}\n\nexport default databaseConfig\n"]},"_coverageSchema":"1a1c01bbd47fc00a2c39e90264f33305004495a9","hash":"ad0361c3342c47dd540e2b73e68a32e838ad6097","contentHash":"5ba7332503fa061140a4e77254421267af422df296c21d9c919a02cc0c906604"},"D:\\Unal\\2023-1\\BootcampBackend\\Proyectos\\docentes-api-RF\\config\\drive.ts":{"path":"D:\\Unal\\2023-1\\BootcampBackend\\Proyectos\\docentes-api-RF\\config\\drive.ts","statementMap":{"0":{"start":{"line":2,"column":22},"end":{"line":4,"column":1}},"1":{"start":{"line":3,"column":4},"end":{"line":3,"column":62}},"2":{"start":{"line":5,"column":0},"end":{"line":5,"column":62}},"3":{"start":{"line":6,"column":14},"end":{"line":6,"column":79}},"4":{"start":{"line":7,"column":17},"end":{"line":7,"column":55}},"5":{"start":{"line":8,"column":22},"end":{"line":8,"column":95}},"6":{"start":{"line":9,"column":0},"end":{"line":20,"column":3}}},"fnMap":{"0":{"name":"(anonymous_0)","decl":{"start":{"line":2,"column":56},"end":{"line":2,"column":57}},"loc":{"start":{"line":2,"column":71},"end":{"line":4,"column":1}},"line":2}},"branchMap":{"0":{"loc":{"start":{"line":2,"column":22},"end":{"line":4,"column":1}},"type":"binary-expr","locations":[{"start":{"line":2,"column":23},"end":{"line":2,"column":27}},{"start":{"line":2,"column":31},"end":{"line":2,"column":51}},{"start":{"line":2,"column":56},"end":{"line":4,"column":1}}],"line":2},"1":{"loc":{"start":{"line":3,"column":11},"end":{"line":3,"column":61}},"type":"cond-expr","locations":[{"start":{"line":3,"column":37},"end":{"line":3,"column":40}},{"start":{"line":3,"column":43},"end":{"line":3,"column":61}}],"line":3},"2":{"loc":{"start":{"line":3,"column":12},"end":{"line":3,"column":33}},"type":"binary-expr","locations":[{"start":{"line":3,"column":12},"end":{"line":3,"column":15}},{"start":{"line":3,"column":19},"end":{"line":3,"column":33}}],"line":3}},"s":{"0":1,"1":2,"2":1,"3":1,"4":1,"5":1,"6":1},"f":{"0":2},"b":{"0":[1,1,1],"1":[0,2],"2":[2,2]},"inputSourceMap":{"version":3,"file":"drive.js","sourceRoot":"","sources":["drive.ts"],"names":[],"mappings":";;;;;AAOA,gFAAsC;AACtC,wDAAyD;AACzD,gGAAsD;AAWtD,kBAAe,IAAA,oBAAW,EAAC;IAUzB,IAAI,EAAE,aAAG,CAAC,GAAG,CAAC,YAAY,CAAC;IAE3B,KAAK,EAAE;QAUL,KAAK,EAAE;YACL,MAAM,EAAE,OAAO;YACf,UAAU,EAAE,QAAQ;YAWpB,IAAI,EAAE,qBAAW,CAAC,OAAO,CAAC,SAAS,CAAC;YAYpC,UAAU,EAAE,IAAI;YAYhB,QAAQ,EAAE,UAAU;SACrB;KAmEF;CACF,CAAC,CAAA","sourcesContent":["/**\n * Config source: https://git.io/JBt3o\n *\n * Feel free to let us know via PR, if you find something broken in this config\n * file.\n */\n\nimport Env from '@ioc:Adonis/Core/Env'\nimport { driveConfig } from '@adonisjs/core/build/config'\nimport Application from '@ioc:Adonis/Core/Application'\n\n/*\n|--------------------------------------------------------------------------\n| Drive Config\n|--------------------------------------------------------------------------\n|\n| The `DriveConfig` relies on the `DisksList` interface which is\n| defined inside the `contracts` directory.\n|\n*/\nexport default driveConfig({\n  /*\n  |--------------------------------------------------------------------------\n  | Default disk\n  |--------------------------------------------------------------------------\n  |\n  | The default disk to use for managing file uploads. The value is driven by\n  | the `DRIVE_DISK` environment variable.\n  |\n  */\n  disk: Env.get('DRIVE_DISK'),\n\n  disks: {\n    /*\n    |--------------------------------------------------------------------------\n    | Local\n    |--------------------------------------------------------------------------\n    |\n    | Uses the local file system to manage files. Make sure to turn off serving\n    | files when not using this disk.\n    |\n    */\n    local: {\n      driver: 'local',\n      visibility: 'public',\n\n      /*\n      |--------------------------------------------------------------------------\n      | Storage root - Local driver only\n      |--------------------------------------------------------------------------\n      |\n      | Define an absolute path to the storage directory from where to read the\n      | files.\n      |\n      */\n      root: Application.tmpPath('uploads'),\n\n      /*\n      |--------------------------------------------------------------------------\n      | Serve files - Local driver only\n      |--------------------------------------------------------------------------\n      |\n      | When this is set to true, AdonisJS will configure a files server to serve\n      | files from the disk root. This is done to mimic the behavior of cloud\n      | storage services that has inbuilt capabilities to serve files.\n      |\n      */\n      serveFiles: true,\n\n      /*\n      |--------------------------------------------------------------------------\n      | Base path - Local driver only\n      |--------------------------------------------------------------------------\n      |\n      | Base path is always required when \"serveFiles = true\". Also make sure\n      | the `basePath` is unique across all the disks using \"local\" driver and\n      | you are not registering routes with this prefix.\n      |\n      */\n      basePath: '/uploads',\n    },\n\n    /*\n    |--------------------------------------------------------------------------\n    | S3 Driver\n    |--------------------------------------------------------------------------\n    |\n    | Uses the S3 cloud storage to manage files. Make sure to install the s3\n    | drive separately when using it.\n    |\n    |**************************************************************************\n    | npm i @adonisjs/drive-s3\n    |**************************************************************************\n    |\n    */\n    // s3: {\n    //   driver: 's3',\n    //   visibility: 'public',\n    //   key: Env.get('S3_KEY'),\n    //   secret: Env.get('S3_SECRET'),\n    //   region: Env.get('S3_REGION'),\n    //   bucket: Env.get('S3_BUCKET'),\n    //   endpoint: Env.get('S3_ENDPOINT'),\n    //\n    //  // For minio to work\n    //  // forcePathStyle: true,\n    // },\n\n    /*\n    |--------------------------------------------------------------------------\n    | GCS Driver\n    |--------------------------------------------------------------------------\n    |\n    | Uses the Google cloud storage to manage files. Make sure to install the GCS\n    | drive separately when using it.\n    |\n    |**************************************************************************\n    | npm i @adonisjs/drive-gcs\n    |**************************************************************************\n    |\n    */\n    // gcs: {\n    //   driver: 'gcs',\n    //   visibility: 'public',\n    //   keyFilename: Env.get('GCS_KEY_FILENAME'),\n    //   bucket: Env.get('GCS_BUCKET'),\n\n      /*\n      |--------------------------------------------------------------------------\n      | Uniform ACL - Google cloud storage only\n      |--------------------------------------------------------------------------\n      |\n      | When using the Uniform ACL on the bucket, the \"visibility\" option is\n      | ignored. Since, the files ACL is managed by the google bucket policies\n      | directly.\n      |\n      |**************************************************************************\n      | Learn more: https://cloud.google.com/storage/docs/uniform-bucket-level-access\n      |**************************************************************************\n      |\n      | The following option just informs drive whether your bucket is using uniform\n      | ACL or not. The actual setting needs to be toggled within the Google cloud\n      | console.\n      |\n      */\n    //   usingUniformAcl: false,\n    // },\n  },\n})\n"]},"_coverageSchema":"1a1c01bbd47fc00a2c39e90264f33305004495a9","hash":"a439600db1c000f09575c6bced47f0edb804732f","contentHash":"b2c9b7293c4e8d61c3d46a705abf44554c0ec075482996edcc9adf60b195b0e3"},"D:\\Unal\\2023-1\\BootcampBackend\\Proyectos\\docentes-api-RF\\config\\hash.ts":{"path":"D:\\Unal\\2023-1\\BootcampBackend\\Proyectos\\docentes-api-RF\\config\\hash.ts","statementMap":{"0":{"start":{"line":2,"column":22},"end":{"line":4,"column":1}},"1":{"start":{"line":3,"column":4},"end":{"line":3,"column":62}},"2":{"start":{"line":5,"column":0},"end":{"line":5,"column":62}},"3":{"start":{"line":6,"column":14},"end":{"line":6,"column":79}},"4":{"start":{"line":7,"column":17},"end":{"line":7,"column":55}},"5":{"start":{"line":8,"column":0},"end":{"line":33,"column":3}}},"fnMap":{"0":{"name":"(anonymous_0)","decl":{"start":{"line":2,"column":56},"end":{"line":2,"column":57}},"loc":{"start":{"line":2,"column":71},"end":{"line":4,"column":1}},"line":2}},"branchMap":{"0":{"loc":{"start":{"line":2,"column":22},"end":{"line":4,"column":1}},"type":"binary-expr","locations":[{"start":{"line":2,"column":23},"end":{"line":2,"column":27}},{"start":{"line":2,"column":31},"end":{"line":2,"column":51}},{"start":{"line":2,"column":56},"end":{"line":4,"column":1}}],"line":2},"1":{"loc":{"start":{"line":3,"column":11},"end":{"line":3,"column":61}},"type":"cond-expr","locations":[{"start":{"line":3,"column":37},"end":{"line":3,"column":40}},{"start":{"line":3,"column":43},"end":{"line":3,"column":61}}],"line":3},"2":{"loc":{"start":{"line":3,"column":12},"end":{"line":3,"column":33}},"type":"binary-expr","locations":[{"start":{"line":3,"column":12},"end":{"line":3,"column":15}},{"start":{"line":3,"column":19},"end":{"line":3,"column":33}}],"line":3}},"s":{"0":1,"1":1,"2":1,"3":1,"4":1,"5":1},"f":{"0":1},"b":{"0":[1,1,1],"1":[0,1],"2":[1,1]},"inputSourceMap":{"version":3,"file":"hash.js","sourceRoot":"","sources":["hash.ts"],"names":[],"mappings":";;;;;AAOA,gFAAsC;AACtC,wDAAwD;AAWxD,kBAAe,IAAA,mBAAU,EAAC;IAUxB,OAAO,EAAE,aAAG,CAAC,GAAG,CAAC,aAAa,EAAE,QAAQ,CAAC;IAEzC,IAAI,EAAE;QAcJ,MAAM,EAAE;YACN,MAAM,EAAE,QAAQ;YAChB,IAAI,EAAE,KAAK;YACX,SAAS,EAAE,CAAC;YACZ,eAAe,EAAE,CAAC;YAClB,QAAQ,EAAE,EAAE;YACZ,SAAS,EAAE,EAAE;YACb,SAAS,EAAE,EAAE,GAAG,IAAI,GAAG,IAAI;SAC5B;QAeD,KAAK,EAAE;YACL,MAAM,EAAE,QAAQ;YAChB,OAAO,EAAE,IAAI;YACb,UAAU,EAAE,CAAC;YACb,MAAM,EAAE,IAAI;YACZ,WAAW,EAAE,CAAC;YACd,QAAQ,EAAE,EAAE;SACb;QAeD,MAAM,EAAE;YACN,MAAM,EAAE,QAAQ;YAChB,MAAM,EAAE,EAAE;SACX;KACF;CACF,CAAC,CAAA","sourcesContent":["/**\n * Config source: https://git.io/JfefW\n *\n * Feel free to let us know via PR, if you find something broken in this config\n * file.\n */\n\nimport Env from '@ioc:Adonis/Core/Env'\nimport { hashConfig } from '@adonisjs/core/build/config'\n\n/*\n|--------------------------------------------------------------------------\n| Hash Config\n|--------------------------------------------------------------------------\n|\n| The `HashConfig` relies on the `HashList` interface which is\n| defined inside `contracts` directory.\n|\n*/\nexport default hashConfig({\n  /*\n  |--------------------------------------------------------------------------\n  | Default hasher\n  |--------------------------------------------------------------------------\n  |\n  | By default we make use of the argon hasher to hash values. However, feel\n  | free to change the default value\n  |\n  */\n  default: Env.get('HASH_DRIVER', 'scrypt'),\n\n  list: {\n    /*\n    |--------------------------------------------------------------------------\n    | scrypt\n    |--------------------------------------------------------------------------\n    |\n    | Scrypt mapping uses the Node.js inbuilt crypto module for creating\n    | hashes.\n    |\n    | We are using the default configuration recommended within the Node.js\n    | documentation.\n    | https://nodejs.org/api/crypto.html#cryptoscryptpassword-salt-keylen-options-callback\n    |\n    */\n    scrypt: {\n      driver: 'scrypt',\n      cost: 16384,\n      blockSize: 8,\n      parallelization: 1,\n      saltSize: 16,\n      keyLength: 64,\n      maxMemory: 32 * 1024 * 1024,\n    },\n\n    /*\n    |--------------------------------------------------------------------------\n    | Argon\n    |--------------------------------------------------------------------------\n    |\n    | Argon mapping uses the `argon2` driver to hash values.\n    |\n    | Make sure you install the underlying dependency for this driver to work.\n    | https://www.npmjs.com/package/phc-argon2.\n    |\n    | npm install phc-argon2\n    |\n    */\n    argon: {\n      driver: 'argon2',\n      variant: 'id',\n      iterations: 3,\n      memory: 4096,\n      parallelism: 1,\n      saltSize: 16,\n    },\n\n    /*\n    |--------------------------------------------------------------------------\n    | Bcrypt\n    |--------------------------------------------------------------------------\n    |\n    | Bcrypt mapping uses the `bcrypt` driver to hash values.\n    |\n    | Make sure you install the underlying dependency for this driver to work.\n    | https://www.npmjs.com/package/phc-bcrypt.\n    |\n    | npm install phc-bcrypt\n    |\n    */\n    bcrypt: {\n      driver: 'bcrypt',\n      rounds: 10,\n    },\n  },\n})\n"]},"_coverageSchema":"1a1c01bbd47fc00a2c39e90264f33305004495a9","hash":"a32dfa9886b611522530a700aea20a81fb752954","contentHash":"bbf2cfab6855ac731ef789c14b5695831553bb11c4accdac8408ebbd1a2f7e28"},"D:\\Unal\\2023-1\\BootcampBackend\\Proyectos\\docentes-api-RF\\providers\\AppProvider.ts":{"path":"D:\\Unal\\2023-1\\BootcampBackend\\Proyectos\\docentes-api-RF\\providers\\AppProvider.ts","statementMap":{"0":{"start":{"line":2,"column":0},"end":{"line":2,"column":62}},"1":{"start":{"line":5,"column":8},"end":{"line":5,"column":23}},"2":{"start":{"line":16,"column":0},"end":{"line":16,"column":30}}},"fnMap":{"0":{"name":"(anonymous_0)","decl":{"start":{"line":4,"column":4},"end":{"line":4,"column":5}},"loc":{"start":{"line":4,"column":21},"end":{"line":6,"column":5}},"line":4},"1":{"name":"(anonymous_1)","decl":{"start":{"line":7,"column":4},"end":{"line":7,"column":5}},"loc":{"start":{"line":7,"column":15},"end":{"line":8,"column":5}},"line":7},"2":{"name":"(anonymous_2)","decl":{"start":{"line":9,"column":4},"end":{"line":9,"column":5}},"loc":{"start":{"line":9,"column":17},"end":{"line":10,"column":5}},"line":9},"3":{"name":"(anonymous_3)","decl":{"start":{"line":11,"column":4},"end":{"line":11,"column":5}},"loc":{"start":{"line":11,"column":18},"end":{"line":12,"column":5}},"line":11},"4":{"name":"(anonymous_4)","decl":{"start":{"line":13,"column":4},"end":{"line":13,"column":5}},"loc":{"start":{"line":13,"column":21},"end":{"line":14,"column":5}},"line":13}},"branchMap":{},"s":{"0":1,"1":1,"2":1},"f":{"0":1,"1":1,"2":1,"3":1,"4":1},"b":{},"inputSourceMap":{"version":3,"file":"AppProvider.js","sourceRoot":"","sources":["AppProvider.ts"],"names":[],"mappings":";;AAEA,MAAqB,WAAW;IAC9B,YAAuB,GAAwB;QAAxB,QAAG,GAAH,GAAG,CAAqB;IAC/C,CAAC;IAEM,QAAQ;IAEf,CAAC;IAEM,KAAK,CAAC,IAAI;IAEjB,CAAC;IAEM,KAAK,CAAC,KAAK;IAElB,CAAC;IAEM,KAAK,CAAC,QAAQ;IAErB,CAAC;CACF;AAnBD,8BAmBC","sourcesContent":["import type { ApplicationContract } from '@ioc:Adonis/Core/Application'\n\nexport default class AppProvider {\n  constructor (protected app: ApplicationContract) {\n  }\n\n  public register () {\n    // Register your own bindings\n  }\n\n  public async boot () {\n    // IoC container is ready\n  }\n\n  public async ready () {\n    // App is ready\n  }\n\n  public async shutdown () {\n    // Cleanup, since app is going down\n  }\n}\n"]},"_coverageSchema":"1a1c01bbd47fc00a2c39e90264f33305004495a9","hash":"e529793887a7652cbd5e479329da0901e7b1a68c","contentHash":"7ca138aca0d99460994cb8f69a379b1290d6c7ca0636ef999169be3b0edf03e7"},"D:\\Unal\\2023-1\\BootcampBackend\\Proyectos\\docentes-api-RF\\start\\routes.ts":{"path":"D:\\Unal\\2023-1\\BootcampBackend\\Proyectos\\docentes-api-RF\\start\\routes.ts","statementMap":{"0":{"start":{"line":2,"column":22},"end":{"line":4,"column":1}},"1":{"start":{"line":3,"column":4},"end":{"line":3,"column":62}},"2":{"start":{"line":5,"column":0},"end":{"line":5,"column":62}},"3":{"start":{"line":6,"column":16},"end":{"line":6,"column":83}},"4":{"start":{"line":7,"column":0},"end":{"line":9,"column":3}},"5":{"start":{"line":8,"column":4},"end":{"line":8,"column":30}},"6":{"start":{"line":10,"column":0},"end":{"line":12,"column":20}},"7":{"start":{"line":11,"column":4},"end":{"line":11,"column":60}},"8":{"start":{"line":13,"column":0},"end":{"line":18,"column":55}},"9":{"start":{"line":14,"column":4},"end":{"line":14,"column":62}},"10":{"start":{"line":15,"column":4},"end":{"line":15,"column":65}},"11":{"start":{"line":16,"column":4},"end":{"line":16,"column":72}},"12":{"start":{"line":17,"column":4},"end":{"line":17,"column":70}},"13":{"start":{"line":19,"column":0},"end":{"line":22,"column":50}},"14":{"start":{"line":20,"column":4},"end":{"line":20,"column":65}},"15":{"start":{"line":21,"column":4},"end":{"line":21,"column":85}},"16":{"start":{"line":23,"column":0},"end":{"line":30,"column":49}},"17":{"start":{"line":24,"column":4},"end":{"line":24,"column":86}},"18":{"start":{"line":25,"column":4},"end":{"line":25,"column":77}},"19":{"start":{"line":26,"column":4},"end":{"line":26,"column":117}},"20":{"start":{"line":27,"column":4},"end":{"line":27,"column":114}},"21":{"start":{"line":28,"column":4},"end":{"line":28,"column":84}},"22":{"start":{"line":29,"column":4},"end":{"line":29,"column":106}},"23":{"start":{"line":31,"column":0},"end":{"line":34,"column":44}},"24":{"start":{"line":32,"column":4},"end":{"line":32,"column":69}},"25":{"start":{"line":33,"column":4},"end":{"line":33,"column":89}}},"fnMap":{"0":{"name":"(anonymous_0)","decl":{"start":{"line":2,"column":56},"end":{"line":2,"column":57}},"loc":{"start":{"line":2,"column":71},"end":{"line":4,"column":1}},"line":2},"1":{"name":"(anonymous_1)","decl":{"start":{"line":7,"column":25},"end":{"line":7,"column":26}},"loc":{"start":{"line":7,"column":37},"end":{"line":9,"column":1}},"line":7},"2":{"name":"(anonymous_2)","decl":{"start":{"line":10,"column":22},"end":{"line":10,"column":23}},"loc":{"start":{"line":10,"column":28},"end":{"line":12,"column":1}},"line":10},"3":{"name":"(anonymous_3)","decl":{"start":{"line":13,"column":22},"end":{"line":13,"column":23}},"loc":{"start":{"line":13,"column":28},"end":{"line":18,"column":1}},"line":13},"4":{"name":"(anonymous_4)","decl":{"start":{"line":19,"column":22},"end":{"line":19,"column":23}},"loc":{"start":{"line":19,"column":28},"end":{"line":22,"column":1}},"line":19},"5":{"name":"(anonymous_5)","decl":{"start":{"line":23,"column":22},"end":{"line":23,"column":23}},"loc":{"start":{"line":23,"column":28},"end":{"line":30,"column":1}},"line":23},"6":{"name":"(anonymous_6)","decl":{"start":{"line":31,"column":22},"end":{"line":31,"column":23}},"loc":{"start":{"line":31,"column":28},"end":{"line":34,"column":1}},"line":31}},"branchMap":{"0":{"loc":{"start":{"line":2,"column":22},"end":{"line":4,"column":1}},"type":"binary-expr","locations":[{"start":{"line":2,"column":23},"end":{"line":2,"column":27}},{"start":{"line":2,"column":31},"end":{"line":2,"column":51}},{"start":{"line":2,"column":56},"end":{"line":4,"column":1}}],"line":2},"1":{"loc":{"start":{"line":3,"column":11},"end":{"line":3,"column":61}},"type":"cond-expr","locations":[{"start":{"line":3,"column":37},"end":{"line":3,"column":40}},{"start":{"line":3,"column":43},"end":{"line":3,"column":61}}],"line":3},"2":{"loc":{"start":{"line":3,"column":12},"end":{"line":3,"column":33}},"type":"binary-expr","locations":[{"start":{"line":3,"column":12},"end":{"line":3,"column":15}},{"start":{"line":3,"column":19},"end":{"line":3,"column":33}}],"line":3}},"s":{"0":1,"1":1,"2":1,"3":1,"4":1,"5":1,"6":1,"7":1,"8":1,"9":1,"10":1,"11":1,"12":1,"13":1,"14":1,"15":1,"16":1,"17":1,"18":1,"19":1,"20":1,"21":1,"22":1,"23":1,"24":1,"25":1},"f":{"0":1,"1":1,"2":1,"3":1,"4":1,"5":1,"6":1},"b":{"0":[1,1,1],"1":[0,1],"2":[1,1]},"inputSourceMap":{"version":3,"file":"routes.js","sourceRoot":"","sources":["routes.ts"],"names":[],"mappings":";;;;;AAoBA,oFAA0C;AAE1C,eAAK,CAAC,GAAG,CAAC,GAAG,EAAE,KAAK,IAAI,EAAE;IACxB,OAAO,EAAE,KAAK,EAAE,OAAO,EAAE,CAAA;AAC3B,CAAC,CAAC,CAAA;AAEF,eAAK,CAAC,KAAK,CAAC,GAAG,EAAE;IACf,eAAK,CAAC,IAAI,CAAC,QAAQ,EAAE,uBAAuB,CAAC,CAAC;AAChD,CAAC,CAAC,CAAC,MAAM,CAAC,QAAQ,CAAC,CAAA;AAEnB,eAAK,CAAC,KAAK,CAAC,GAAG,EAAE;IACf,eAAK,CAAC,IAAI,CAAC,SAAS,EAAE,wBAAwB,CAAC,CAAC;IAChD,eAAK,CAAC,GAAG,CAAC,WAAW,EAAE,0BAA0B,CAAC,CAAC;IACnD,eAAK,CAAC,GAAG,CAAC,mBAAmB,EAAE,yBAAyB,CAAC,CAAC;IAC1D,eAAK,CAAC,GAAG,CAAC,kBAAkB,EAAE,wBAAwB,CAAC,CAAC;AAC1D,CAAC,CAAC,CAAC,MAAM,CAAC,aAAa,CAAC,CAAC,UAAU,CAAC,CAAC,MAAM,EAAE,OAAO,CAAC,CAAC,CAAA;AAEtD,eAAK,CAAC,KAAK,CAAC,GAAG,EAAE;IACf,eAAK,CAAC,IAAI,CAAC,aAAa,EAAE,uBAAuB,CAAC,CAAC;IACnD,eAAK,CAAC,IAAI,CAAC,uBAAuB,EAAE,iCAAiC,CAAC,CAAC;AACzE,CAAC,CAAC,CAAC,MAAM,CAAC,QAAQ,CAAC,CAAC,UAAU,CAAC,CAAC,MAAM,EAAE,OAAO,CAAC,CAAC,CAAA;AAEjD,eAAK,CAAC,KAAK,CAAC,GAAG,EAAE;IACf,eAAK,CAAC,IAAI,CAAC,SAAS,EAAE,4BAA4B,CAAC,CAAC,UAAU,CAAC,OAAO,CAAC,CAAC;IACxE,eAAK,CAAC,GAAG,CAAC,eAAe,EAAE,kCAAkC,CAAC,CAAC;IAC/D,eAAK,CAAC,MAAM,CAAC,8BAA8B,EAAE,oCAAoC,CAAC,CAAC,UAAU,CAAC,OAAO,CAAC,CAAC;IACvG,eAAK,CAAC,GAAG,CAAC,8BAA8B,EAAE,oCAAoC,CAAC,CAAC,UAAU,CAAC,OAAO,CAAC,CAAC;IACpG,eAAK,CAAC,GAAG,CAAC,0BAA0B,EAAE,8BAA8B,CAAC,CAAC;IACtE,eAAK,CAAC,GAAG,CAAC,0BAA0B,EAAE,gCAAgC,CAAC,CAAC,UAAU,CAAC,OAAO,CAAC,CAAC;AAC9F,CAAC,CAAC,CAAC,MAAM,CAAC,kBAAkB,CAAC,CAAC,UAAU,CAAC,MAAM,CAAC,CAAA;AAEhD,eAAK,CAAC,KAAK,CAAC,GAAG,EAAE;IACf,eAAK,CAAC,IAAI,CAAC,gBAAgB,EAAE,wBAAwB,CAAC,CAAC;IACvD,eAAK,CAAC,GAAG,CAAC,eAAe,EAAE,0BAA0B,CAAC,CAAC,UAAU,CAAC,OAAO,CAAC,CAAC;AAC7E,CAAC,CAAC,CAAC,MAAM,CAAC,aAAa,CAAC,CAAC,UAAU,CAAC,MAAM,CAAC,CAAA","sourcesContent":["/*\n|--------------------------------------------------------------------------\n| Routes\n|--------------------------------------------------------------------------\n|\n| This file is dedicated for defining HTTP routes. A single file is enough\n| for majority of projects, however you can define routes in different\n| files and just make sure to import them inside this file. For example\n|\n| Define routes in following two files\n| ├── start/routes/cart.ts\n| ├── start/routes/customer.ts\n|\n| and then import them inside `start/routes.ts` as follows\n|\n| import './routes/cart'\n| import './routes/customer'\n|\n*/\n\nimport Route from '@ioc:Adonis/Core/Route'\n\nRoute.get('/', async () => {\n  return { hello: 'world' }\n})\n\nRoute.group(() => {\n  Route.post('/login', 'UsersController.login');\n}).prefix('api/v1')\n\nRoute.group(() => {\n  Route.post('/create', 'UsersController.create');\n  Route.get('/getUsers', 'UsersController.getUsers');\n  Route.get('/getUser/:id_user', 'UsersController.getUser');\n  Route.put('/update/:id_user', 'UsersController.update');\n}).prefix('api/v1/user').middleware(['auth', 'admin'])\n\nRoute.group(() => { //Rutas para crear Roles y Tipos de documentos\n  Route.post('/rol/create', 'RolsController.create');\n  Route.post('/type-document/create', 'TypeDocuementsController.create');\n}).prefix('api/v1').middleware(['auth', 'admin'])\n\nRoute.group(() => {//Rutas para CRUD de Preguntas y Respuestas\n  Route.post('/create', 'QuestionsController.create').middleware('admin');\n  Route.get('/getQuestions', 'QuestionsController.getQuestions');\n  Route.delete('/deleteQuestion/:id_question', 'QuestionsController.deleteQuestion').middleware('admin');\n  Route.put('/updateQuestion/:id_question', 'QuestionsController.updateQuestion').middleware('admin');\n  Route.get('/getOptions/:id_question', 'AnswersController.getOptions');\n  Route.put('/updateAnswer/:id_opcion', 'AnswersController.updateAnswer').middleware('admin');\n}).prefix('api/v1/questions').middleware('auth')\n\nRoute.group(() => { //Rutas para crear y listar formularios\n  Route.post('/postquestions', 'FormsController.create');\n  Route.get('/getquestions', 'FormsController.getForms').middleware('admin');\n}).prefix('api/v1/form').middleware('auth')"]},"_coverageSchema":"1a1c01bbd47fc00a2c39e90264f33305004495a9","hash":"8cc1356ab767dec25d19d8a754e7fa035cb0cec3","contentHash":"e9c3f97166f757de9cd355b4623c233be15de933dc1718060ca5311ec530ae4d"},"D:\\Unal\\2023-1\\BootcampBackend\\Proyectos\\docentes-api-RF\\start\\kernel.ts":{"path":"D:\\Unal\\2023-1\\BootcampBackend\\Proyectos\\docentes-api-RF\\start\\kernel.ts","statementMap":{"0":{"start":{"line":2,"column":22},"end":{"line":12,"column":3}},"1":{"start":{"line":3,"column":4},"end":{"line":3,"column":33}},"2":{"start":{"line":3,"column":26},"end":{"line":3,"column":33}},"3":{"start":{"line":4,"column":15},"end":{"line":4,"column":52}},"4":{"start":{"line":5,"column":4},"end":{"line":7,"column":5}},"5":{"start":{"line":6,"column":6},"end":{"line":6,"column":68}},"6":{"start":{"line":6,"column":51},"end":{"line":6,"column":63}},"7":{"start":{"line":8,"column":4},"end":{"line":8,"column":39}},"8":{"start":{"line":10,"column":4},"end":{"line":10,"column":33}},"9":{"start":{"line":10,"column":26},"end":{"line":10,"column":33}},"10":{"start":{"line":11,"column":4},"end":{"line":11,"column":17}},"11":{"start":{"line":13,"column":25},"end":{"line":17,"column":2}},"12":{"start":{"line":14,"column":4},"end":{"line":14,"column":72}},"13":{"start":{"line":16,"column":4},"end":{"line":16,"column":21}},"14":{"start":{"line":18,"column":19},"end":{"line":24,"column":1}},"15":{"start":{"line":19,"column":4},"end":{"line":19,"column":42}},"16":{"start":{"line":19,"column":31},"end":{"line":19,"column":42}},"17":{"start":{"line":20,"column":17},"end":{"line":20,"column":19}},"18":{"start":{"line":21,"column":4},"end":{"line":21,"column":141}},"19":{"start":{"line":21,"column":21},"end":{"line":21,"column":141}},"20":{"start":{"line":21,"column":40},"end":{"line":21,"column":141}},"21":{"start":{"line":21,"column":109},"end":{"line":21,"column":141}},"22":{"start":{"line":22,"column":4},"end":{"line":22,"column":36}},"23":{"start":{"line":23,"column":4},"end":{"line":23,"column":18}},"24":{"start":{"line":25,"column":22},"end":{"line":27,"column":1}},"25":{"start":{"line":26,"column":4},"end":{"line":26,"column":62}},"26":{"start":{"line":28,"column":0},"end":{"line":28,"column":62}},"27":{"start":{"line":29,"column":17},"end":{"line":29,"column":85}},"28":{"start":{"line":30,"column":0},"end":{"line":32,"column":3}},"29":{"start":{"line":31,"column":10},"end":{"line":31,"column":109}},"30":{"start":{"line":31,"column":39},"end":{"line":31,"column":108}},"31":{"start":{"line":33,"column":0},"end":{"line":36,"column":3}},"32":{"start":{"line":34,"column":16},"end":{"line":34,"column":115}},"33":{"start":{"line":34,"column":45},"end":{"line":34,"column":114}},"34":{"start":{"line":35,"column":17},"end":{"line":35,"column":120}},"35":{"start":{"line":35,"column":46},"end":{"line":35,"column":119}}},"fnMap":{"0":{"name":"(anonymous_0)","decl":{"start":{"line":2,"column":74},"end":{"line":2,"column":75}},"loc":{"start":{"line":2,"column":96},"end":{"line":9,"column":1}},"line":2},"1":{"name":"(anonymous_1)","decl":{"start":{"line":6,"column":38},"end":{"line":6,"column":39}},"loc":{"start":{"line":6,"column":49},"end":{"line":6,"column":65}},"line":6},"2":{"name":"(anonymous_2)","decl":{"start":{"line":9,"column":6},"end":{"line":9,"column":7}},"loc":{"start":{"line":9,"column":28},"end":{"line":12,"column":1}},"line":9},"3":{"name":"(anonymous_3)","decl":{"start":{"line":13,"column":80},"end":{"line":13,"column":81}},"loc":{"start":{"line":13,"column":95},"end":{"line":15,"column":1}},"line":13},"4":{"name":"(anonymous_4)","decl":{"start":{"line":15,"column":5},"end":{"line":15,"column":6}},"loc":{"start":{"line":15,"column":20},"end":{"line":17,"column":1}},"line":15},"5":{"name":"(anonymous_5)","decl":{"start":{"line":18,"column":50},"end":{"line":18,"column":51}},"loc":{"start":{"line":18,"column":65},"end":{"line":24,"column":1}},"line":18},"6":{"name":"(anonymous_6)","decl":{"start":{"line":25,"column":56},"end":{"line":25,"column":57}},"loc":{"start":{"line":25,"column":71},"end":{"line":27,"column":1}},"line":25},"7":{"name":"(anonymous_7)","decl":{"start":{"line":31,"column":4},"end":{"line":31,"column":5}},"loc":{"start":{"line":31,"column":10},"end":{"line":31,"column":109}},"line":31},"8":{"name":"(anonymous_8)","decl":{"start":{"line":31,"column":33},"end":{"line":31,"column":34}},"loc":{"start":{"line":31,"column":39},"end":{"line":31,"column":108}},"line":31},"9":{"name":"(anonymous_9)","decl":{"start":{"line":34,"column":10},"end":{"line":34,"column":11}},"loc":{"start":{"line":34,"column":16},"end":{"line":34,"column":115}},"line":34},"10":{"name":"(anonymous_10)","decl":{"start":{"line":34,"column":39},"end":{"line":34,"column":40}},"loc":{"start":{"line":34,"column":45},"end":{"line":34,"column":114}},"line":34},"11":{"name":"(anonymous_11)","decl":{"start":{"line":35,"column":11},"end":{"line":35,"column":12}},"loc":{"start":{"line":35,"column":17},"end":{"line":35,"column":120}},"line":35},"12":{"name":"(anonymous_12)","decl":{"start":{"line":35,"column":40},"end":{"line":35,"column":41}},"loc":{"start":{"line":35,"column":46},"end":{"line":35,"column":119}},"line":35}},"branchMap":{"0":{"loc":{"start":{"line":2,"column":22},"end":{"line":12,"column":3}},"type":"binary-expr","locations":[{"start":{"line":2,"column":23},"end":{"line":2,"column":27}},{"start":{"line":2,"column":31},"end":{"line":2,"column":51}},{"start":{"line":2,"column":57},"end":{"line":12,"column":2}}],"line":2},"1":{"loc":{"start":{"line":2,"column":57},"end":{"line":12,"column":2}},"type":"cond-expr","locations":[{"start":{"line":2,"column":74},"end":{"line":9,"column":1}},{"start":{"line":9,"column":6},"end":{"line":12,"column":1}}],"line":2},"2":{"loc":{"start":{"line":3,"column":4},"end":{"line":3,"column":33}},"type":"if","locations":[{"start":{"line":3,"column":4},"end":{"line":3,"column":33}},{"start":{"line":3,"column":4},"end":{"line":3,"column":33}}],"line":3},"3":{"loc":{"start":{"line":5,"column":4},"end":{"line":7,"column":5}},"type":"if","locations":[{"start":{"line":5,"column":4},"end":{"line":7,"column":5}},{"start":{"line":5,"column":4},"end":{"line":7,"column":5}}],"line":5},"4":{"loc":{"start":{"line":5,"column":8},"end":{"line":5,"column":85}},"type":"binary-expr","locations":[{"start":{"line":5,"column":8},"end":{"line":5,"column":13}},{"start":{"line":5,"column":18},"end":{"line":5,"column":84}}],"line":5},"5":{"loc":{"start":{"line":5,"column":18},"end":{"line":5,"column":84}},"type":"cond-expr","locations":[{"start":{"line":5,"column":34},"end":{"line":5,"column":47}},{"start":{"line":5,"column":50},"end":{"line":5,"column":84}}],"line":5},"6":{"loc":{"start":{"line":5,"column":50},"end":{"line":5,"column":84}},"type":"binary-expr","locations":[{"start":{"line":5,"column":50},"end":{"line":5,"column":63}},{"start":{"line":5,"column":67},"end":{"line":5,"column":84}}],"line":5},"7":{"loc":{"start":{"line":10,"column":4},"end":{"line":10,"column":33}},"type":"if","locations":[{"start":{"line":10,"column":4},"end":{"line":10,"column":33}},{"start":{"line":10,"column":4},"end":{"line":10,"column":33}}],"line":10},"8":{"loc":{"start":{"line":13,"column":25},"end":{"line":17,"column":2}},"type":"binary-expr","locations":[{"start":{"line":13,"column":26},"end":{"line":13,"column":30}},{"start":{"line":13,"column":34},"end":{"line":13,"column":57}},{"start":{"line":13,"column":63},"end":{"line":17,"column":1}}],"line":13},"9":{"loc":{"start":{"line":13,"column":63},"end":{"line":17,"column":1}},"type":"cond-expr","locations":[{"start":{"line":13,"column":80},"end":{"line":15,"column":1}},{"start":{"line":15,"column":5},"end":{"line":17,"column":1}}],"line":13},"10":{"loc":{"start":{"line":18,"column":19},"end":{"line":24,"column":1}},"type":"binary-expr","locations":[{"start":{"line":18,"column":20},"end":{"line":18,"column":24}},{"start":{"line":18,"column":28},"end":{"line":18,"column":45}},{"start":{"line":18,"column":50},"end":{"line":24,"column":1}}],"line":18},"11":{"loc":{"start":{"line":19,"column":4},"end":{"line":19,"column":42}},"type":"if","locations":[{"start":{"line":19,"column":4},"end":{"line":19,"column":42}},{"start":{"line":19,"column":4},"end":{"line":19,"column":42}}],"line":19},"12":{"loc":{"start":{"line":19,"column":8},"end":{"line":19,"column":29}},"type":"binary-expr","locations":[{"start":{"line":19,"column":8},"end":{"line":19,"column":11}},{"start":{"line":19,"column":15},"end":{"line":19,"column":29}}],"line":19},"13":{"loc":{"start":{"line":21,"column":4},"end":{"line":21,"column":141}},"type":"if","locations":[{"start":{"line":21,"column":4},"end":{"line":21,"column":141}},{"start":{"line":21,"column":4},"end":{"line":21,"column":141}}],"line":21},"14":{"loc":{"start":{"line":21,"column":40},"end":{"line":21,"column":141}},"type":"if","locations":[{"start":{"line":21,"column":40},"end":{"line":21,"column":141}},{"start":{"line":21,"column":40},"end":{"line":21,"column":141}}],"line":21},"15":{"loc":{"start":{"line":21,"column":44},"end":{"line":21,"column":107}},"type":"binary-expr","locations":[{"start":{"line":21,"column":44},"end":{"line":21,"column":59}},{"start":{"line":21,"column":63},"end":{"line":21,"column":107}}],"line":21},"16":{"loc":{"start":{"line":25,"column":22},"end":{"line":27,"column":1}},"type":"binary-expr","locations":[{"start":{"line":25,"column":23},"end":{"line":25,"column":27}},{"start":{"line":25,"column":31},"end":{"line":25,"column":51}},{"start":{"line":25,"column":56},"end":{"line":27,"column":1}}],"line":25},"17":{"loc":{"start":{"line":26,"column":11},"end":{"line":26,"column":61}},"type":"cond-expr","locations":[{"start":{"line":26,"column":37},"end":{"line":26,"column":40}},{"start":{"line":26,"column":43},"end":{"line":26,"column":61}}],"line":26},"18":{"loc":{"start":{"line":26,"column":12},"end":{"line":26,"column":33}},"type":"binary-expr","locations":[{"start":{"line":26,"column":12},"end":{"line":26,"column":15}},{"start":{"line":26,"column":19},"end":{"line":26,"column":33}}],"line":26}},"s":{"0":1,"1":0,"2":0,"3":0,"4":0,"5":0,"6":0,"7":0,"8":0,"9":0,"10":0,"11":1,"12":66,"13":0,"14":1,"15":120,"16":54,"17":66,"18":66,"19":66,"20":0,"21":0,"22":66,"23":66,"24":1,"25":1,"26":1,"27":1,"28":1,"29":66,"30":66,"31":1,"32":31,"33":31,"34":23,"35":23},"f":{"0":0,"1":0,"2":0,"3":66,"4":0,"5":120,"6":1,"7":66,"8":66,"9":31,"10":31,"11":23,"12":23},"b":{"0":[1,1,1],"1":[1,0],"2":[0,0],"3":[0,0],"4":[0,0],"5":[0,0],"6":[0,0],"7":[0,0],"8":[1,1,1],"9":[1,0],"10":[1,1,1],"11":[54,66],"12":[120,120],"13":[66,0],"14":[0,0],"15":[0,0],"16":[1,1,1],"17":[0,1],"18":[1,1]},"inputSourceMap":{"version":3,"file":"kernel.js","sourceRoot":"","sources":["kernel.ts"],"names":[],"mappings":";;;;;;;;;;;;;;;;;;;;;;;;;;;;AAWA,sFAA4C;AAW5C,gBAAM,CAAC,UAAU,CAAC,QAAQ,CAAC;IACzB,GAAG,EAAE,oGAAsC;CAC5C,CAAC,CAAA;AAkBF,gBAAM,CAAC,UAAU,CAAC,aAAa,CAAC;IAC9B,IAAI,EAAE,GAAG,EAAE,yEAAQ,wBAAwB,GAAC;IAC5C,KAAK,EAAE,GAAG,EAAE,yEAAQ,4BAA4B,GAAC;CAClD,CAAC,CAAA","sourcesContent":["/*\n|--------------------------------------------------------------------------\n| Application middleware\n|--------------------------------------------------------------------------\n|\n| This file is used to define middleware for HTTP requests. You can register\n| middleware as a `closure` or an IoC container binding. The bindings are\n| preferred, since they keep this file clean.\n|\n*/\n\nimport Server from '@ioc:Adonis/Core/Server'\n\n/*\n|--------------------------------------------------------------------------\n| Global middleware\n|--------------------------------------------------------------------------\n|\n| An array of global middleware, that will be executed in the order they\n| are defined for every HTTP requests.\n|\n*/\nServer.middleware.register([\n  () => import('@ioc:Adonis/Core/BodyParser'),\n])\n\n/*\n|--------------------------------------------------------------------------\n| Named middleware\n|--------------------------------------------------------------------------\n|\n| Named middleware are defined as key-value pair. The value is the namespace\n| or middleware function and key is the alias. Later you can use these\n| alias on individual routes. For example:\n|\n| { auth: () => import('App/Middleware/Auth') }\n|\n| and then use it as follows\n|\n| Route.get('dashboard', 'UserController.dashboard').middleware('auth')\n|\n*/\nServer.middleware.registerNamed({\n  auth: () => import('App/Middleware/AuthJwt'), \n  admin: () => import('App/Middleware/VerifyAdmin')\n})\n"]},"_coverageSchema":"1a1c01bbd47fc00a2c39e90264f33305004495a9","hash":"a8924b54cd29c5cd2477c389a85cc99ef9bb1854","contentHash":"07ea657c2df764691404ce170bbeeb5efff334cfae6509fad4908a7a6c217321"},"D:\\Unal\\2023-1\\BootcampBackend\\Proyectos\\docentes-api-RF\\app\\Controllers\\Http\\UsersController.ts":{"path":"D:\\Unal\\2023-1\\BootcampBackend\\Proyectos\\docentes-api-RF\\app\\Controllers\\Http\\UsersController.ts","statementMap":{"0":{"start":{"line":2,"column":22},"end":{"line":4,"column":1}},"1":{"start":{"line":3,"column":4},"end":{"line":3,"column":62}},"2":{"start":{"line":5,"column":0},"end":{"line":5,"column":62}},"3":{"start":{"line":6,"column":15},"end":{"line":6,"column":80}},"4":{"start":{"line":7,"column":23},"end":{"line":7,"column":63}},"5":{"start":{"line":8,"column":14},"end":{"line":8,"column":79}},"6":{"start":{"line":9,"column":19},"end":{"line":9,"column":55}},"7":{"start":{"line":10,"column":14},"end":{"line":10,"column":78}},"8":{"start":{"line":13,"column":127},"end":{"line":13,"column":140}},"9":{"start":{"line":14,"column":8},"end":{"line":51,"column":9}},"10":{"start":{"line":15,"column":12},"end":{"line":20,"column":13}},"11":{"start":{"line":16,"column":16},"end":{"line":19,"column":19}},"12":{"start":{"line":21,"column":12},"end":{"line":26,"column":13}},"13":{"start":{"line":22,"column":16},"end":{"line":25,"column":19}},"14":{"start":{"line":27,"column":25},"end":{"line":27,"column":57}},"15":{"start":{"line":28,"column":28},"end":{"line":28,"column":48}},"16":{"start":{"line":29,"column":12},"end":{"line":29,"column":43}},"17":{"start":{"line":30,"column":12},"end":{"line":30,"column":45}},"18":{"start":{"line":31,"column":12},"end":{"line":31,"column":38}},"19":{"start":{"line":32,"column":12},"end":{"line":32,"column":52}},"20":{"start":{"line":33,"column":12},"end":{"line":33,"column":49}},"21":{"start":{"line":34,"column":12},"end":{"line":34,"column":53}},"22":{"start":{"line":35,"column":12},"end":{"line":35,"column":34}},"23":{"start":{"line":36,"column":12},"end":{"line":36,"column":75}},"24":{"start":{"line":37,"column":12},"end":{"line":37,"column":34}},"25":{"start":{"line":38,"column":12},"end":{"line":38,"column":60}},"26":{"start":{"line":39,"column":12},"end":{"line":39,"column":33}},"27":{"start":{"line":40,"column":12},"end":{"line":40,"column":33}},"28":{"start":{"line":41,"column":12},"end":{"line":44,"column":15}},"29":{"start":{"line":47,"column":12},"end":{"line":50,"column":15}},"30":{"start":{"line":54,"column":36},"end":{"line":54,"column":49}},"31":{"start":{"line":55,"column":8},"end":{"line":92,"column":9}},"32":{"start":{"line":56,"column":25},"end":{"line":56,"column":56}},"33":{"start":{"line":57,"column":12},"end":{"line":62,"column":13}},"34":{"start":{"line":58,"column":16},"end":{"line":61,"column":19}},"35":{"start":{"line":63,"column":34},"end":{"line":63,"column":89}},"36":{"start":{"line":64,"column":12},"end":{"line":69,"column":13}},"37":{"start":{"line":65,"column":16},"end":{"line":68,"column":19}},"38":{"start":{"line":70,"column":28},"end":{"line":70,"column":97}},"39":{"start":{"line":71,"column":28},"end":{"line":75,"column":13}},"40":{"start":{"line":76,"column":26},"end":{"line":76,"column":125}},"41":{"start":{"line":77,"column":12},"end":{"line":84,"column":15}},"42":{"start":{"line":87,"column":12},"end":{"line":91,"column":15}},"43":{"start":{"line":95,"column":8},"end":{"line":108,"column":9}},"44":{"start":{"line":96,"column":26},"end":{"line":96,"column":209}},"45":{"start":{"line":97,"column":12},"end":{"line":101,"column":15}},"46":{"start":{"line":104,"column":12},"end":{"line":107,"column":15}},"47":{"start":{"line":111,"column":8},"end":{"line":129,"column":9}},"48":{"start":{"line":112,"column":25},"end":{"line":112,"column":72}},"49":{"start":{"line":113,"column":12},"end":{"line":122,"column":15}},"50":{"start":{"line":125,"column":12},"end":{"line":128,"column":15}},"51":{"start":{"line":132,"column":8},"end":{"line":154,"column":9}},"52":{"start":{"line":133,"column":25},"end":{"line":133,"column":72}},"53":{"start":{"line":134,"column":114},"end":{"line":134,"column":127}},"54":{"start":{"line":135,"column":12},"end":{"line":135,"column":40}},"55":{"start":{"line":136,"column":12},"end":{"line":136,"column":42}},"56":{"start":{"line":137,"column":12},"end":{"line":137,"column":35}},"57":{"start":{"line":138,"column":12},"end":{"line":138,"column":49}},"58":{"start":{"line":139,"column":12},"end":{"line":139,"column":46}},"59":{"start":{"line":140,"column":12},"end":{"line":140,"column":50}},"60":{"start":{"line":141,"column":12},"end":{"line":141,"column":31}},"61":{"start":{"line":142,"column":12},"end":{"line":142,"column":31}},"62":{"start":{"line":143,"column":12},"end":{"line":143,"column":30}},"63":{"start":{"line":144,"column":12},"end":{"line":147,"column":15}},"64":{"start":{"line":150,"column":12},"end":{"line":153,"column":15}},"65":{"start":{"line":157,"column":22},"end":{"line":157,"column":55}},"66":{"start":{"line":158,"column":8},"end":{"line":162,"column":11}},"67":{"start":{"line":159,"column":12},"end":{"line":161,"column":13}},"68":{"start":{"line":160,"column":16},"end":{"line":160,"column":50}},"69":{"start":{"line":163,"column":8},"end":{"line":163,"column":20}},"70":{"start":{"line":166,"column":22},"end":{"line":166,"column":55}},"71":{"start":{"line":167,"column":24},"end":{"line":167,"column":125}},"72":{"start":{"line":168,"column":8},"end":{"line":168,"column":23}},"73":{"start":{"line":171,"column":21},"end":{"line":171,"column":64}},"74":{"start":{"line":172,"column":8},"end":{"line":172,"column":20}},"75":{"start":{"line":175,"column":21},"end":{"line":175,"column":83}},"76":{"start":{"line":176,"column":8},"end":{"line":176,"column":35}},"77":{"start":{"line":179,"column":0},"end":{"line":179,"column":34}}},"fnMap":{"0":{"name":"(anonymous_0)","decl":{"start":{"line":2,"column":56},"end":{"line":2,"column":57}},"loc":{"start":{"line":2,"column":71},"end":{"line":4,"column":1}},"line":2},"1":{"name":"(anonymous_1)","decl":{"start":{"line":12,"column":4},"end":{"line":12,"column":5}},"loc":{"start":{"line":12,"column":40},"end":{"line":52,"column":5}},"line":12},"2":{"name":"(anonymous_2)","decl":{"start":{"line":53,"column":4},"end":{"line":53,"column":5}},"loc":{"start":{"line":53,"column":39},"end":{"line":93,"column":5}},"line":53},"3":{"name":"(anonymous_3)","decl":{"start":{"line":94,"column":4},"end":{"line":94,"column":5}},"loc":{"start":{"line":94,"column":33},"end":{"line":109,"column":5}},"line":94},"4":{"name":"(anonymous_4)","decl":{"start":{"line":110,"column":4},"end":{"line":110,"column":5}},"loc":{"start":{"line":110,"column":40},"end":{"line":130,"column":5}},"line":110},"5":{"name":"(anonymous_5)","decl":{"start":{"line":131,"column":4},"end":{"line":131,"column":5}},"loc":{"start":{"line":131,"column":48},"end":{"line":155,"column":5}},"line":131},"6":{"name":"(anonymous_6)","decl":{"start":{"line":156,"column":4},"end":{"line":156,"column":5}},"loc":{"start":{"line":156,"column":44},"end":{"line":164,"column":5}},"line":156},"7":{"name":"(anonymous_7)","decl":{"start":{"line":158,"column":82},"end":{"line":158,"column":83}},"loc":{"start":{"line":158,"column":93},"end":{"line":162,"column":9}},"line":158},"8":{"name":"(anonymous_8)","decl":{"start":{"line":165,"column":4},"end":{"line":165,"column":5}},"loc":{"start":{"line":165,"column":43},"end":{"line":169,"column":5}},"line":165},"9":{"name":"(anonymous_9)","decl":{"start":{"line":170,"column":4},"end":{"line":170,"column":5}},"loc":{"start":{"line":170,"column":31},"end":{"line":173,"column":5}},"line":170},"10":{"name":"(anonymous_10)","decl":{"start":{"line":174,"column":4},"end":{"line":174,"column":5}},"loc":{"start":{"line":174,"column":42},"end":{"line":177,"column":5}},"line":174}},"branchMap":{"0":{"loc":{"start":{"line":2,"column":22},"end":{"line":4,"column":1}},"type":"binary-expr","locations":[{"start":{"line":2,"column":23},"end":{"line":2,"column":27}},{"start":{"line":2,"column":31},"end":{"line":2,"column":51}},{"start":{"line":2,"column":56},"end":{"line":4,"column":1}}],"line":2},"1":{"loc":{"start":{"line":3,"column":11},"end":{"line":3,"column":61}},"type":"cond-expr","locations":[{"start":{"line":3,"column":37},"end":{"line":3,"column":40}},{"start":{"line":3,"column":43},"end":{"line":3,"column":61}}],"line":3},"2":{"loc":{"start":{"line":3,"column":12},"end":{"line":3,"column":33}},"type":"binary-expr","locations":[{"start":{"line":3,"column":12},"end":{"line":3,"column":15}},{"start":{"line":3,"column":19},"end":{"line":3,"column":33}}],"line":3},"3":{"loc":{"start":{"line":15,"column":12},"end":{"line":20,"column":13}},"type":"if","locations":[{"start":{"line":15,"column":12},"end":{"line":20,"column":13}},{"start":{"line":15,"column":12},"end":{"line":20,"column":13}}],"line":15},"4":{"loc":{"start":{"line":21,"column":12},"end":{"line":26,"column":13}},"type":"if","locations":[{"start":{"line":21,"column":12},"end":{"line":26,"column":13}},{"start":{"line":21,"column":12},"end":{"line":26,"column":13}}],"line":21},"5":{"loc":{"start":{"line":38,"column":29},"end":{"line":38,"column":59}},"type":"cond-expr","locations":[{"start":{"line":38,"column":50},"end":{"line":38,"column":51}},{"start":{"line":38,"column":54},"end":{"line":38,"column":59}}],"line":38},"6":{"loc":{"start":{"line":57,"column":12},"end":{"line":62,"column":13}},"type":"if","locations":[{"start":{"line":57,"column":12},"end":{"line":62,"column":13}},{"start":{"line":57,"column":12},"end":{"line":62,"column":13}}],"line":57},"7":{"loc":{"start":{"line":64,"column":12},"end":{"line":69,"column":13}},"type":"if","locations":[{"start":{"line":64,"column":12},"end":{"line":69,"column":13}},{"start":{"line":64,"column":12},"end":{"line":69,"column":13}}],"line":64},"8":{"loc":{"start":{"line":159,"column":12},"end":{"line":161,"column":13}},"type":"if","locations":[{"start":{"line":159,"column":12},"end":{"line":161,"column":13}},{"start":{"line":159,"column":12},"end":{"line":161,"column":13}}],"line":159},"9":{"loc":{"start":{"line":176,"column":15},"end":{"line":176,"column":34}},"type":"cond-expr","locations":[{"start":{"line":176,"column":22},"end":{"line":176,"column":26}},{"start":{"line":176,"column":29},"end":{"line":176,"column":34}}],"line":176}},"s":{"0":1,"1":5,"2":1,"3":1,"4":1,"5":1,"6":1,"7":1,"8":4,"9":4,"10":4,"11":1,"12":2,"13":1,"14":1,"15":1,"16":1,"17":1,"18":1,"19":1,"20":1,"21":1,"22":1,"23":1,"24":1,"25":1,"26":1,"27":1,"28":1,"29":1,"30":34,"31":34,"32":34,"33":33,"34":1,"35":32,"36":32,"37":1,"38":31,"39":31,"40":31,"41":31,"42":1,"43":1,"44":1,"45":1,"46":0,"47":2,"48":2,"49":1,"50":1,"51":2,"52":2,"53":1,"54":1,"55":1,"56":1,"57":1,"58":1,"59":1,"60":1,"61":1,"62":1,"63":1,"64":1,"65":30,"66":30,"67":30,"68":0,"69":30,"70":23,"71":23,"72":23,"73":38,"74":36,"75":2,"76":2,"77":1},"f":{"0":5,"1":4,"2":34,"3":1,"4":2,"5":2,"6":30,"7":30,"8":23,"9":38,"10":2},"b":{"0":[1,1,1],"1":[2,3],"2":[5,5],"3":[1,2],"4":[1,1],"5":[0,1],"6":[1,32],"7":[1,31],"8":[0,30],"9":[1,1]},"inputSourceMap":{"version":3,"file":"UsersController.js","sourceRoot":"","sources":["UsersController.ts"],"names":[],"mappings":";;;;;AACA,iFAAkC;AAClC,gEAA8B;AAC9B,gFAAsC;AACtC,wDAA+B;AAC/B,+EAAkC;AAElC,MAAqB,eAAe;IAEzB,KAAK,CAAC,MAAM,CAAC,EAAC,OAAO,EAAE,QAAQ,EAAsB;QAExD,MAAM,EAAC,SAAS,EAAE,UAAU,EAAE,OAAO,EAAE,aAAa,EAAE,YAAY,EAAC,cAAc,EAAE,KAAK,EAAE,QAAQ,EAAE,KAAK,EAAE,KAAK,EAAC,GAAG,OAAO,CAAC,GAAG,EAAE,CAAC;QAClI,IAAG;YACC,IAAG,MAAM,IAAI,CAAC,aAAa,CAAC,KAAK,CAAC,EAAC;gBAC/B,OAAO,QAAQ,CAAC,MAAM,CAAC,GAAG,CAAC,CAAC,IAAI,CAAC;oBAC7B,KAAK,EAAG,KAAK;oBACb
[...]
KAAK,EAAE,MAAW,EAAE,EAAE;gBAClC,MAAM,MAAM,GAAG,IAAI,gBAAM,EAAE,CAAC;gBAC5B,MAAM,CAAC,MAAM,GAAG,MAAM,CAAC,MAAM,CAAC;gBAC9B,MAAM,CAAC,UAAU,GAAG,MAAM,CAAC,SAAS,CAAC;gBACrC,MAAM,CAAC,WAAW,GAAG,KAAK,CAAC,EAAE,CAAC;gBAC9B,MAAM,CAAC,KAAK,GAAG,IAAI,CAAC;gBACpB,MAAM,MAAM,CAAC,IAAI,EAAE,CAAC;YACxB,CAAC,CAAC,CAAC;YAEH,OAAO,QAAQ,CAAC,MAAM,CAAC,GAAG,CAAC,CAAC,IAAI,CAAC;gBAC7B,KAAK,EAAG,IAAI;gBACZ,OAAO,EAAE,8BAA8B;aAC1C,CAAC,CAAA;SAEL;QAAA,OAAM,KAAK,EAAC;YACT,OAAO,QAAQ,CAAC,MAAM,CAAC,GAAG,CAAC,CAAC,IAAI,CAAC;gBAC7B,KAAK,EAAG,KAAK;gBACb,OAAO,EAAE,4BAA4B;aACxC,CAAC,CAAA;SACL;IACL,CAAC;IAEM,KAAK,CAAC,YAAY,CAAC,EAAC,QAAQ,EAAsB;QACrD,IAAG;YACC,MAAM,SAAS,GAAG,MAAM,kBAAQ,CAAC,KAAK,EAAE,CAAC,MAAM,CAAC,UAAU,EAAE,IAAI,CAAC,CAAA;YACjE,OAAO,QAAQ,CAAC,MAAM,CAAC,GAAG,CAAC,CAAC,IAAI,CAAC;gBAC7B,KAAK,EAAG,IAAI;gBACZ,SAAS;aACZ,CAAC,CAAA;SACL;QAAA,OAAM,KAAK,EAAC;YACT,OAAO,QAAQ,CAAC,MAAM,CAAC,GAAG,CAAC,CAAC,IAAI,CAAC;gBAC7B,KAAK,EAAG,KAAK;gBACb,OAAO,EAAE,+BAA+B;aAC3C,CAAC,CAAA;SACL;IACL,CAAC;IAEM,KAAK,CAAC,cAAc,CAAC,EAAC,MAAM,EAAE,QAAQ,EAAsB;QAC/D,IAAG;YAEC,MAAM,kBAAQ,CAAC,UAAU,CAAC,MAAM,CAAC,WAAW,CAAC,CAAA;YAC7C,MAAM,OAAO,GAAG,MAAM,gBAAM,CAAC,KAAK,EAAE,CAAC,KAAK,CAAC,EAAC,WAAW,EAAE,MAAM,CAAC,WAAW,EAAC,CAAC,CAAC,MAAM,CAAC,IAAI,CAAC,CAAC,IAAI,CAAC,SAAS,CAAC,CAAC;YAC3G,MAAM,SAAS,GAAG,OAAO,CAAC,GAAG,CAAC,GAAG,CAAC,EAAE,CAAC,GAAG,CAAC,EAAE,CAAC,CAAC;YAC7C,MAAM,cAAI,CAAC,KAAK,EAAE,CAAC,OAAO,CAAC,WAAW,EAAE,CAAC,GAAG,SAAS,CAAC,CAAC,CAAC,IAAI,CAAC,OAAO,CAAC,CAAC,MAAM,EAAE,CAAC;YAC/E,MAAM,gBAAM,CAAC,KAAK,EAAE,CAAC,KAAK,CAAC,EAAC,WAAW,EAAE,MAAM,CAAC,WAAW,EAAC,CAAC,CAAC,IAAI,CAAC,SAAS,CAAC,CAAC,MAAM,EAAE,CAAC;YACvF,MAAM,kBAAQ,CAAC,KAAK,EAAE,CAAC,KAAK,CAAC,EAAC,EAAE,EAAE,MAAM,CAAC,WAAW,EAAC,CAAC,CAAC,IAAI,CAAC,WAAW,CAAC,CAAC,MAAM,EAAE,CAAC;YAClF,OAAO,QAAQ,CAAC,MAAM,CAAC,GAAG,CAAC,CAAC,IAAI,CAAC;gBAC7B,KAAK,EAAG,IAAI;gBACZ,OAAO,EAAE,8BAA8B;aAC1C,CAAC,CAAA;SACL;QAAA,OAAM,KAAK,EAAC;YACT,OAAO,QAAQ,CAAC,MAAM,CAAC,GAAG,CAAC,CAAC,IAAI,CAAC;gBAC7B,KAAK,EAAG,KAAK;gBACb,OAAO,EAAE,+BAA+B;aAC3C,CAAC,CAAA;SACL;IACL,CAAC;IAEM,KAAK,CAAC,cAAc,CAAC,EAAC,OAAO,EAAE,MAAM,EAAE,QAAQ,EAAsB;QACxE,IAAG;YACC,MAAM,EAAC,QAAQ,EAAC,GAAG,OAAO,CAAC,GAAG,EAAE,CAAC;YACjC,MAAM,KAAK,GAAG,MAAM,kBAAQ,CAAC,UAAU,CAAC,MAAM,CAAC,WAAW,CAAC,CAAC;YAC5D,KAAK,CAAC,QAAQ,GAAG,QAAQ,CAAC;YAC1B,MAAM,KAAK,CAAC,IAAI,EAAE,CAAC;YACnB,OAAO,QAAQ,CAAC,MAAM,CAAC,GAAG,CAAC,CAAC,IAAI,CAAC;gBAC7B,KAAK,EAAE,IAAI;gBACX,OAAO,EAAE,4BAA4B;aACxC,CAAC,CAAA;SACL;QAAA,OAAM,KAAK,EAAC;YACT,OAAO,QAAQ,CAAC,MAAM,CAAC,GAAG,CAAC,CAAC,IAAI,CAAC;gBAC7B,KAAK,EAAG,KAAK;gBACb,OAAO,EAAE,6BAA6B;aACzC,CAAC,CAAA;SACL;IACL,CAAC;CAEJ;AAtFD,sCAsFC","sourcesContent":["import type { HttpContextContract } from '@ioc:Adonis/Core/HttpContext'\nimport Answer from 'App/Models/Answer';\nimport Form from 'App/Models/Form';\nimport Question from 'App/Models/Question';\n\nexport default class QuestionsController {\n\n    public async create({request, response}: HttpContextContract){\n        const {question, options} = request.all();\n        try{\n            const quest = new Question();\n            quest.question = question;\n            quest.state = true;\n            await quest.save();\n            \n            options.forEach(async (option: any) => {\n                const answer = new Answer();\n                answer.option = option.opcion;\n                answer.is_correct = option.iscorrect;\n                answer.question_id = quest.id;\n                answer.state = true;\n                await answer.save();\n            });\n\n            return response.status(200).json({\n                state : true,\n                message: 'Pregunta creada exitosamente'\n            })\n\n        }catch(error){\n            return response.status(400).json({\n                state : false,\n                message: 'Error al crear la pregunta'\n            })\n        }\n    }\n\n    public async getQuestions({response}: HttpContextContract): Promise<void>{\n        try{\n            const questions = await Question.query().select('question', 'id')\n            return response.status(200).json({\n                state : true,\n                questions\n            })\n        }catch(error){\n            return response.status(400).json({\n                state : false,\n                message: 'Error al listar las preguntas'\n            })\n        }\n    }\n\n    public async deleteQuestion({params, response}: HttpContextContract): Promise<void>{\n        try{\n            //Primero se eliminan las opciones de la pregunta\n            await Question.findOrFail(params.id_question)\n            const answers = await Answer.query().where({question_id: params.id_question}).select('id').from('answers');\n            const answersId = answers.map(ans => ans.id);\n            await Form.query().whereIn('answer_id', [...answersId]).from('forms').delete();\n            await Answer.query().where({question_id: params.id_question}).from('answers').delete();\n            await Question.query().where({id: params.id_question}).from('questions').delete();\n            return response.status(200).json({\n                state : true,\n                message: 'Pregunta Eliminada con exito'\n            })\n        }catch(error){\n            return response.status(400).json({\n                state : false,\n                message: 'Error al eliminar la pregunta'\n            })\n        }\n    }\n\n    public async updateQuestion({request, params, response}: HttpContextContract): Promise<void>{\n        try{\n            const {question} = request.all();\n            const quest = await Question.findOrFail(params.id_question);\n            quest.question = question;\n            await quest.save();\n            return response.status(200).json({\n                state: true,\n                message: 'Pregunta editada con exito'\n            })\n        }catch(error){\n            return response.status(400).json({\n                state : false,\n                message: 'Error al editar la pregunta',\n            })  \n        }\n    }\n    \n}\n\n"]},"_coverageSchema":"1a1c01bbd47fc00a2c39e90264f33305004495a9","hash":"874c449235a21407e2daa9248445eb0c4beb83aa","contentHash":"651d0a2daad11739d691ef65d3731f50809684186bd9887d9803c7c93cec600b"},"D:\\Unal\\2023-1\\BootcampBackend\\Proyectos\\docentes-api-RF\\app\\Controllers\\Http\\RolsController.ts":{"path":"D:\\Unal\\2023-1\\BootcampBackend\\Proyectos\\docentes-api-RF\\app\\Controllers\\Http\\RolsController.ts","statementMap":{"0":{"start":{"line":2,"column":22},"end":{"line":4,"column":1}},"1":{"start":{"line":3,"column":4},"end":{"line":3,"column":62}},"2":{"start":{"line":5,"column":0},"end":{"line":5,"column":62}},"3":{"start":{"line":6,"column":14},"end":{"line":6,"column":78}},"4":{"start":{"line":9,"column":8},"end":{"line":22,"column":9}},"5":{"start":{"line":10,"column":28},"end":{"line":10,"column":59}},"6":{"start":{"line":11,"column":12},"end":{"line":11,"column":48}},"7":{"start":{"line":12,"column":12},"end":{"line":15,"column":15}},"8":{"start":{"line":18,"column":12},"end":{"line":21,"column":15}},"9":{"start":{"line":25,"column":0},"end":{"line":25,"column":33}}},"fnMap":{"0":{"name":"(anonymous_0)","decl":{"start":{"line":2,"column":56},"end":{"line":2,"column":57}},"loc":{"start":{"line":2,"column":71},"end":{"line":4,"column":1}},"line":2},"1":{"name":"(anonymous_1)","decl":{"start":{"line":8,"column":4},"end":{"line":8,"column":5}},"loc":{"start":{"line":8,"column":40},"end":{"line":23,"column":5}},"line":8}},"branchMap":{"0":{"loc":{"start":{"line":2,"column":22},"end":{"line":4,"column":1}},"type":"binary-expr","locations":[{"start":{"line":2,"column":23},"end":{"line":2,"column":27}},{"start":{"line":2,"column":31},"end":{"line":2,"column":51}},{"start":{"line":2,"column":56},"end":{"line":4,"column":1}}],"line":2},"1":{"loc":{"start":{"line":3,"column":11},"end":{"line":3,"column":61}},"type":"cond-expr","locations":[{"start":{"line":3,"column":37},"end":{"line":3,"column":40}},{"start":{"line":3,"column":43},"end":{"line":3,"column":61}}],"line":3},"2":{"loc":{"start":{"line":3,"column":12},"end":{"line":3,"column":33}},"type":"binary-expr","locations":[{"start":{"line":3,"column":12},"end":{"line":3,"column":15}},{"start":{"line":3,"column":19},"end":{"line":3,"column":33}}],"line":3}},"s":{"0":1,"1":1,"2":1,"3":1,"4":2,"5":2,"6":2,"7":1,"8":1,"9":1},"f":{"0":1,"1":2},"b":{"0":[1,1,1],"1":[1,0],"2":[1,1]},"inputSourceMap":{"version":3,"file":"RolsController.js","sourceRoot":"","sources":["RolsController.ts"],"names":[],"mappings":";;;;;AACA,+EAAmC;AAEnC,MAAqB,cAAc;IACxB,KAAK,CAAC,MAAM,CAAC,EAAC,OAAO,EAAE,QAAQ,EAAsB;QACxD,IAAG;YACC,MAAM,OAAO,GAAG,OAAO,CAAC,IAAI,CAAC,CAAC,MAAM,EAAE,OAAO,CAAC,CAAC,CAAC;YAChD,MAAM,aAAK,CAAC,MAAM,CAAC,OAAO,CAAC,CAAC;YAC5B,OAAO,QAAQ,CAAC,MAAM,CAAC,GAAG,CAAC,CAAC,IAAI,CAAC;gBAC7B,KAAK,EAAG,IAAI;gBACZ,OAAO,EAAE,0BAA0B;aACtC,CAAC,CAAA;SAEL;QAAA,OAAM,KAAK,EAAC;YACT,OAAO,QAAQ,CAAC,MAAM,CAAC,GAAG,CAAC,CAAC,IAAI,CAAC;gBAC7B,KAAK,EAAG,KAAK;gBACb,OAAO,EAAE,sBAAsB;aAClC,CAAC,CAAA;SACL;IACL,CAAC;CACJ;AAjBD,iCAiBC","sourcesContent":["import type { HttpContextContract } from '@ioc:Adonis/Core/HttpContext'\nimport Roles from 'App/Models/Rol';\n\nexport default class RolsController {\n    public async create({request, response}: HttpContextContract){\n        try{\n            const dataRol = request.only(['name', 'state']);\n            await Roles.create(dataRol);\n            return response.status(200).json({\n                state : true,\n                message: 'Rol creado correctamente'\n            })\n\n        }catch(error){\n            return response.status(400).json({\n                state : false,\n                message: 'Error en el servidor'\n            })\n        }\n    }\n}\n"]},"_coverageSchema":"1a1c01bbd47fc00a2c39e90264f33305004495a9","hash":"41652ec6715c5b9dfbdf88295a510d8c06fb72ff","contentHash":"ff6a823537da0326330a5f47e466065edf5864e7ca99cc91db8405b4bd8a8e58"},"D:\\Unal\\2023-1\\BootcampBackend\\Proyectos\\docentes-api-RF\\app\\Controllers\\Http\\TypeDocuementsController.ts":{"path":"D:\\Unal\\2023-1\\BootcampBackend\\Proyectos\\docentes-api-RF\\app\\Controllers\\Http\\TypeDocuementsController.ts","statementMap":{"0":{"start":{"line":2,"column":22},"end":{"line":4,"column":1}},"1":{"start":{"line":3,"column":4},"end":{"line":3,"column":62}},"2":{"start":{"line":5,"column":0},"end":{"line":5,"column":62}},"3":{"start":{"line":6,"column":23},"end":{"line":6,"column":96}},"4":{"start":{"line":9,"column":8},"end":{"line":22,"column":9}},"5":{"start":{"line":10,"column":37},"end":{"line":10,"column":68}},"6":{"start":{"line":11,"column":12},"end":{"line":11,"column":66}},"7":{"start":{"line":12,"column":12},"end":{"line":15,"column":15}},"8":{"start":{"line":18,"column":12},"end":{"line":21,"column":15}},"9":{"start":{"line":25,"column":0},"end":{"line":25,"column":43}}},"fnMap":{"0":{"name":"(anonymous_0)","decl":{"start":{"line":2,"column":56},"end":{"line":2,"column":57}},"loc":{"start":{"line":2,"column":71},"end":{"line":4,"column":1}},"line":2},"1":{"name":"(anonymous_1)","decl":{"start":{"line":8,"column":4},"end":{"line":8,"column":5}},"loc":{"start":{"line":8,"column":40},"end":{"line":23,"column":5}},"line":8}},"branchMap":{"0":{"loc":{"start":{"line":2,"column":22},"end":{"line":4,"column":1}},"type":"binary-expr","locations":[{"start":{"line":2,"column":23},"end":{"line":2,"column":27}},{"start":{"line":2,"column":31},"end":{"line":2,"column":51}},{"start":{"line":2,"column":56},"end":{"line":4,"column":1}}],"line":2},"1":{"loc":{"start":{"line":3,"column":11},"end":{"line":3,"column":61}},"type":"cond-expr","locations":[{"start":{"line":3,"column":37},"end":{"line":3,"column":40}},{"start":{"line":3,"column":43},"end":{"line":3,"column":61}}],"line":3},"2":{"loc":{"start":{"line":3,"column":12},"end":{"line":3,"column":33}},"type":"binary-expr","locations":[{"start":{"line":3,"column":12},"end":{"line":3,"column":15}},{"start":{"line":3,"column":19},"end":{"line":3,"column":33}}],"line":3}},"s":{"0":1,"1":1,"2":1,"3":1,"4":2,"5":2,"6":2,"7":1,"8":1,"9":1},"f":{"0":1,"1":2},"b":{"0":[1,1,1],"1":[1,0],"2":[1,1]},"inputSourceMap":{"version":3,"file":"TypeDocuementsController.js","sourceRoot":"","sources":["TypeDocuementsController.ts"],"names":[],"mappings":";;;;;AACA,iGAAmD;AAEnD,MAAqB,wBAAwB;IAClC,KAAK,CAAC,MAAM,CAAC,EAAC,OAAO,EAAE,QAAQ,EAAsB;QAExD,IAAG;YACC,MAAM,gBAAgB,GAAG,OAAO,CAAC,IAAI,CAAC,CAAC,MAAM,EAAE,OAAO,CAAC,CAAC,CAAC;YACzD,MAAM,sBAAY,CAAC,MAAM,CAAC,gBAAgB,CAAC,CAAC;YAC5C,OAAO,QAAQ,CAAC,MAAM,CAAC,GAAG,CAAC,CAAC,IAAI,CAAC;gBAC7B,KAAK,EAAG,IAAI;gBACZ,OAAO,EAAE,mCAAmC;aAC/C,CAAC,CAAA;SAEL;QAAA,OAAM,KAAK,EAAC;YACT,OAAO,QAAQ,CAAC,MAAM,CAAC,GAAG,CAAC,CAAC,IAAI,CAAC;gBAC7B,KAAK,EAAG,KAAK;gBACb,OAAO,EAAE,sBAAsB;aAClC,CAAC,CAAA;SACL;IACL,CAAC;CACJ;AAlBD,2CAkBC","sourcesContent":["import type { HttpContextContract } from '@ioc:Adonis/Core/HttpContext'\nimport TypeDocument from 'App/Models/TypeDocument';\n\nexport default class TypeDocuementsController {\n    public async create({request, response}: HttpContextContract){\n    \n        try{\n            const dataTypeDocument = request.only(['name', 'state']);\n            await TypeDocument.create(dataTypeDocument);\n            return response.status(200).json({\n                state : true,\n                message: 'TypeDocument creado correctamente'\n            })\n\n        }catch(error){\n            return response.status(400).json({\n                state : false,\n                message: 'Error en el servidor'\n            })\n        }\n    }\n}\n"]},"_coverageSchema":"1a1c01bbd47fc00a2c39e90264f33305004495a9","hash":"f3ef0000a975f8e6b973970400abdcd07384906e","contentHash":"4bf0e97293a0afad19c13ba5fb9ff3ad88ad8ff289f9eb0d39455e3129e80476"},"D:\\Unal\\2023-1\\BootcampBackend\\Proyectos\\docentes-api-RF\\app\\Controllers\\Http\\AnswersController.ts":{"path":"D:\\Unal\\2023-1\\BootcampBackend\\Proyectos\\docentes-api-RF\\app\\Controllers\\Http\\AnswersController.ts","statementMap":{"0":{"start":{"line":2,"column":22},"end":{"line":4,"column":1}},"1":{"start":{"line":3,"column":4},"end":{"line":3,"column":62}},"2":{"start":{"line":5,"column":0},"end":{"line":5,"column":62}},"3":{"start":{"line":6,"column":17},"end":{"line":6,"column":84}},"4":{"start":{"line":7,"column":19},"end":{"line":7,"column":88}},"5":{"start":{"line":10,"column":8},"end":{"line":24,"column":9}},"6":{"start":{"line":11,"column":12},"end":{"line":11,"column":68}},"7":{"start":{"line":12,"column":28},"end":{"line":12,"column":140}},"8":{"start":{"line":13,"column":12},"end":{"line":17,"column":15}},"9":{"start":{"line":20,"column":12},"end":{"line":23,"column":15}},"10":{"start":{"line":27,"column":8},"end":{"line":43,"column":9}},"11":{"start":{"line":28,"column":42},"end":{"line":28,"column":55}},"12":{"start":{"line":29,"column":27},"end":{"line":29,"column":88}},"13":{"start":{"line":30,"column":12},"end":{"line":30,"column":35}},"14":{"start":{"line":31,"column":12},"end":{"line":31,"column":42}},"15":{"start":{"line":32,"column":12},"end":{"line":32,"column":32}},"16":{"start":{"line":33,"column":12},"end":{"line":36,"column":15}},"17":{"start":{"line":39,"column":12},"end":{"line":42,"column":15}},"18":{"start":{"line":46,"column":0},"end":{"line":46,"column":36}}},"fnMap":{"0":{"name":"(anonymous_0)","decl":{"start":{"line":2,"column":56},"end":{"line":2,"column":57}},"loc":{"start":{"line":2,"column":71},"end":{"line":4,"column":1}},"line":2},"1":{"name":"(anonymous_1)","decl":{"start":{"line":9,"column":4},"end":{"line":9,"column":5}},"loc":{"start":{"line":9,"column":43},"end":{"line":25,"column":5}},"line":9},"2":{"name":"(anonymous_2)","decl":{"start":{"line":26,"column":4},"end":{"line":26,"column":5}},"loc":{"start":{"line":26,"column":46},"end":{"line":44,"column":5}},"line":26}},"branchMap":{"0":{"loc":{"start":{"line":2,"column":22},"end":{"line":4,"column":1}},"type":"binary-expr","locations":[{"start":{"line":2,"column":23},"end":{"line":2,"column":27}},{"start":{"line":2,"column":31},"end":{"line":2,"column":51}},{"start":{"line":2,"column":56},"end":{"line":4,"column":1}}],"line":2},"1":{"loc":{"start":{"line":3,"column":11},"end":{"line":3,"column":61}},"type":"cond-expr","locations":[{"start":{"line":3,"column":37},"end":{"line":3,"column":40}},{"start":{"line":3,"column":43},"end":{"line":3,"column":61}}],"line":3},"2":{"loc":{"start":{"line":3,"column":12},"end":{"line":3,"column":33}},"type":"binary-expr","locations":[{"start":{"line":3,"column":12},"end":{"line":3,"column":15}},{"start":{"line":3,"column":19},"end":{"line":3,"column":33}}],"line":3}},"s":{"0":1,"1":2,"2":1,"3":1,"4":1,"5":2,"6":2,"7":1,"8":1,"9":1,"10":2,"11":2,"12":2,"13":1,"14":1,"15":1,"16":1,"17":1,"18":1},"f":{"0":2,"1":2,"2":2},"b":{"0":[1,1,1],"1":[2,0],"2":[2,2]},"inputSourceMap":{"version":3,"file":"AnswersController.js","sourceRoot":"","sources":["AnswersController.ts"],"names":[],"mappings":";;;;;AACA,qFAAuC;AACvC,yFAA2C;AAE3C,MAAqB,iBAAiB;IAE3B,KAAK,CAAC,UAAU,CAAC,EAAC,MAAM,EAAE,QAAQ,EAAsB;QAC3D,IAAG;YACC,MAAM,kBAAQ,CAAC,UAAU,CAAC,MAAM,CAAC,WAAW,CAAC,CAAC;YAC9C,MAAM,OAAO,GAAG,MAAM,gBAAM,CAAC,KAAK,EAAE,CAAC,KAAK,CAAC,EAAC,WAAW,EAAE,MAAM,CAAC,WAAW,EAAC,CAAC,CAAC,IAAI,CAAC,SAAS,CAAC,CAAC,MAAM,CAAC,IAAI,EAAE,QAAQ,CAAC,CAAC;YAErH,OAAO,QAAQ,CAAC,MAAM,CAAC,GAAG,CAAC,CAAC,IAAI,CAAC;gBAC7B,KAAK,EAAG,IAAI;gBACZ,OAAO,EAAE,qBAAqB;gBAC9B,OAAO;aACV,CAAC,CAAA;SACL;QAAA,OAAM,KAAK,EAAC;YACT,OAAO,QAAQ,CAAC,MAAM,CAAC,GAAG,CAAC,CAAC,IAAI,CAAC;gBAC7B,KAAK,EAAG,KAAK;gBACb,OAAO,EAAE,yCAAyC;aACrD,CAAC,CAAA;SACL;IACL,CAAC;IAEM,KAAK,CAAC,YAAY,CAAC,EAAC,OAAO,EAAE,QAAQ,EAAsB;QAC9D,IAAG;YACC,MAAM,EAAC,MAAM,EAAE,SAAS,EAAC,GAAG,OAAO,CAAC,GAAG,EAAE,CAAC;YAC1C,MAAM,MAAM,GAAG,MAAM,gBAAM,CAAC,UAAU,CAAC,OAAO,CAAC,KAAK,CAAC,WAAW,CAAC,CAAC,CAAC;YACnE,MAAM,CAAC,MAAM,GAAG,MAAM,CAAC;YACvB,MAAM,CAAC,UAAU,GAAG,SAAS,CAAC;YAC9B,MAAM,MAAM,CAAC,IAAI,EAAE,CAAC;YAEpB,OAAO,QAAQ,CAAC,MAAM,CAAC,GAAG,CAAC,CAAC,IAAI,CAAC;gBAC7B,KAAK,EAAG,IAAI;gBACZ,OAAO,EAAE,0BAA0B;aACtC,CAAC,CAAA;SAEL;QAAA,OAAM,KAAK,EAAC;YACT,OAAO,QAAQ,CAAC,MAAM,CAAC,GAAG,CAAC,CAAC,IAAI,CAAC;gBAC7B,KAAK,EAAG,KAAK;gBACb,OAAO,EAAE,2BAA2B;aACvC,CAAC,CAAA;SACL;IACL,CAAC;CAEJ;AAzCD,oCAyCC","sourcesContent":["import type { HttpContextContract } from '@ioc:Adonis/Core/HttpContext'\nimport Answer from 'App/Models/Answer';\nimport Question from 'App/Models/Question';\n\nexport default class AnswersController {\n\n    public async getOptions({params, response}: HttpContextContract): Promise<void>{//Listar opciones de una pregunta\n        try{\n            await Question.findOrFail(params.id_question);\n            const options = await Answer.query().where({question_id: params.id_question}).from('answers').select('id', 'option');\n\n            return response.status(200).json({\n                state : true,\n                message: 'Listado de opciones',\n                options\n            })\n        }catch(error){\n            return response.status(400).json({\n                state : false,\n                messege: 'Error al obtener el listado de opciones'\n            })\n        }\n    }\n\n    public async updateAnswer({request, response}: HttpContextContract): Promise<void>{\n        try{\n            const {opcion, iscorrect} = request.all();\n            const answer = await Answer.findOrFail(request.param('id_opcion'));\n            answer.option = opcion;\n            answer.is_correct = iscorrect;\n            await answer.save();\n\n            return response.status(200).json({\n                state : true,\n                message: 'Opcion editada con exito'\n            })\n\n        }catch(error){\n            return response.status(400).json({\n                state : false,\n                message: 'Error al editar la opcion'\n            })\n        }\n    }\n\n}\n"]},"_coverageSchema":"1a1c01bbd47fc00a2c39e90264f33305004495a9","hash":"c6faf240d2c5593ccd06b3af79b83b1eb3c30d68","contentHash":"1902d45e95a5eec28eac7ecf351f2597069b861b5ff5f195a64dfcf554cb21ad"}}